<?xml version="1.0" encoding="UTF-8"?>
<coverage generated="1775376283729" clover="3.2.0">
  <project timestamp="1775376283729" name="All files">
    <metrics statements="478" coveredstatements="296" conditionals="274" coveredconditionals="132" methods="99" coveredmethods="59" elements="851" coveredelements="487" complexity="0" loc="478" ncloc="478" packages="3" files="12" classes="12"/>
    <package name="src">
      <metrics statements="359" coveredstatements="234" conditionals="195" coveredconditionals="107" methods="71" coveredmethods="47"/>
      <file name="csvReader.js" path="C:\Users\hiihi\Desktop\queriqueen\Query-Master\src\csvReader.js">
        <metrics statements="12" coveredstatements="11" conditionals="0" coveredconditionals="0" methods="6" coveredmethods="5"/>
        <line num="3" count="26" type="stmt"/>
        <line num="4" count="26" type="stmt"/>
        <line num="5" count="26" type="stmt"/>
        <line num="8" count="451" type="stmt"/>
        <line num="10" count="451" type="stmt"/>
        <line num="11" count="451" type="stmt"/>
        <line num="13" count="2550" type="stmt"/>
        <line num="15" count="450" type="stmt"/>
        <line num="18" count="0" type="stmt"/>
        <line num="24" count="13" type="stmt"/>
        <line num="25" count="10" type="stmt"/>
        <line num="28" count="26" type="stmt"/>
      </file>
      <file name="queryExecutor.js" path="C:\Users\hiihi\Desktop\queriqueen\Query-Master\src\queryExecutor.js">
        <metrics statements="216" coveredstatements="117" conditionals="146" coveredconditionals="73" methods="50" coveredmethods="30"/>
        <line num="6" count="24" type="stmt"/>
        <line num="7" count="24" type="stmt"/>
        <line num="19" count="33" type="stmt"/>
        <line num="21" count="198" type="stmt"/>
        <line num="23" count="990" type="stmt"/>
        <line num="24" count="990" type="stmt"/>
        <line num="25" count="990" type="stmt"/>
        <line num="28" count="165" type="stmt"/>
        <line num="29" count="360" type="stmt"/>
        <line num="30" count="360" type="stmt"/>
        <line num="32" count="360" type="stmt"/>
        <line num="49" count="35" type="stmt"/>
        <line num="50" count="210" type="stmt"/>
        <line num="51" count="1050" type="stmt"/>
        <line num="52" count="1050" type="stmt"/>
        <line num="53" count="1050" type="stmt"/>
        <line num="56" count="210" type="cond" truecount="2" falsecount="0"/>
        <line num="57" count="70" type="stmt"/>
        <line num="60" count="140" type="stmt"/>
        <line num="61" count="175" type="stmt"/>
        <line num="73" count="3156" type="stmt"/>
        <line num="74" count="3156" type="cond" truecount="2" falsecount="0"/>
        <line num="89" count="44" type="cond" truecount="1" falsecount="1"/>
        <line num="91" count="308" type="stmt"/>
        <line num="92" count="308" type="stmt"/>
        <line num="96" count="44" type="stmt"/>
        <line num="97" count="220" type="stmt"/>
        <line num="98" count="528" type="stmt"/>
        <line num="99" count="528" type="stmt"/>
        <line num="100" count="528" type="stmt"/>
        <line num="104" count="220" type="cond" truecount="1" falsecount="1"/>
        <line num="107" count="220" type="stmt"/>
        <line num="127" count="465" type="stmt"/>
        <line num="129" count="465" type="cond" truecount="1" falsecount="1"/>
        <line num="131" count="465" type="cond" truecount="1" falsecount="1"/>
        <line num="132" count="3255" type="stmt"/>
        <line num="133" count="3255" type="cond" truecount="1" falsecount="1"/>
        <line num="138" count="465" type="stmt"/>
        <line num="139" count="930" type="cond" truecount="1" falsecount="1"/>
        <line num="142" count="930" type="stmt"/>
        <line num="150" count="465" type="stmt"/>
        <line num="171" count="460" type="stmt"/>
        <line num="172" count="310" type="stmt"/>
        <line num="175" count="310" type="cond" truecount="4" falsecount="0"/>
        <line num="176" count="112" type="stmt"/>
        <line num="177" count="112" type="cond" truecount="3" falsecount="1"/>
        <line num="179" count="33" type="stmt"/>
        <line num="180" count="33" type="stmt"/>
        <line num="182" count="35" type="stmt"/>
        <line num="183" count="35" type="stmt"/>
        <line num="185" count="44" type="stmt"/>
        <line num="186" count="44" type="stmt"/>
        <line num="188" count="0" type="stmt"/>
        <line num="193" count="310" type="cond" truecount="1" falsecount="1"/>
        <line num="194" count="1149" type="stmt"/>
        <line num="199" count="174" type="stmt"/>
        <line num="201" count="174" type="cond" truecount="1" falsecount="1"/>
        <line num="203" count="0" type="stmt"/>
        <line num="207" count="0" type="stmt"/>
        <line num="208" count="0" type="stmt"/>
        <line num="209" count="0" type="cond" truecount="0" falsecount="2"/>
        <line num="210" count="0" type="stmt"/>
        <line num="211" count="0" type="cond" truecount="0" falsecount="5"/>
        <line num="213" count="0" type="stmt"/>
        <line num="214" count="0" type="stmt"/>
        <line num="216" count="0" type="stmt"/>
        <line num="217" count="0" type="stmt"/>
        <line num="220" count="0" type="stmt"/>
        <line num="222" count="0" type="stmt"/>
        <line num="224" count="0" type="stmt"/>
        <line num="227" count="0" type="stmt"/>
        <line num="229" count="0" type="stmt"/>
        <line num="230" count="0" type="stmt"/>
        <line num="232" count="0" type="stmt"/>
        <line num="234" count="0" type="stmt"/>
        <line num="235" count="0" type="stmt"/>
        <line num="237" count="0" type="stmt"/>
        <line num="243" count="0" type="stmt"/>
        <line num="245" count="174" type="cond" truecount="1" falsecount="1"/>
        <line num="246" count="0" type="stmt"/>
        <line num="247" count="0" type="stmt"/>
        <line num="248" count="0" type="cond" truecount="0" falsecount="2"/>
        <line num="249" count="0" type="stmt"/>
        <line num="250" count="0" type="stmt"/>
        <line num="251" count="0" type="cond" truecount="0" falsecount="2"/>
        <line num="252" count="0" type="cond" truecount="0" falsecount="2"/>
        <line num="253" count="0" type="cond" truecount="0" falsecount="2"/>
        <line num="254" count="0" type="cond" truecount="0" falsecount="2"/>
        <line num="255" count="0" type="cond" truecount="0" falsecount="2"/>
        <line num="256" count="0" type="cond" truecount="0" falsecount="2"/>
        <line num="259" count="0" type="stmt"/>
        <line num="262" count="0" type="cond" truecount="0" falsecount="2"/>
        <line num="263" count="0" type="stmt"/>
        <line num="265" count="0" type="stmt"/>
        <line num="266" count="0" type="stmt"/>
        <line num="272" count="0" type="cond" truecount="0" falsecount="2"/>
        <line num="273" count="0" type="stmt"/>
        <line num="276" count="174" type="stmt"/>
        <line num="277" count="174" type="cond" truecount="2" falsecount="0"/>
        <line num="278" count="16" type="stmt"/>
        <line num="279" count="12" type="stmt"/>
        <line num="280" count="12" type="cond" truecount="1" falsecount="3"/>
        <line num="281" count="12" type="cond" truecount="2" falsecount="2"/>
        <line num="283" count="0" type="stmt"/>
        <line num="286" count="174" type="cond" truecount="2" falsecount="0"/>
        <line num="287" count="174" type="cond" truecount="2" falsecount="0"/>
        <line num="288" count="13" type="stmt"/>
        <line num="290" count="26" type="stmt"/>
        <line num="291" count="26" type="stmt"/>
        <line num="298" count="174" type="stmt"/>
        <line num="299" count="236" type="cond" truecount="3" falsecount="1"/>
        <line num="301" count="0" type="stmt"/>
        <line num="303" count="236" type="stmt"/>
        <line num="304" count="236" type="stmt"/>
        <line num="305" count="324" type="stmt"/>
        <line num="307" count="236" type="stmt"/>
        <line num="319" count="1305" type="cond" truecount="1" falsecount="1"/>
        <line num="320" count="1305" type="cond" truecount="2" falsecount="0"/>
        <line num="321" count="1024" type="stmt"/>
        <line num="322" count="281" type="cond" truecount="2" falsecount="0"/>
        <line num="323" count="145" type="stmt"/>
        <line num="326" count="136" type="cond" truecount="1" falsecount="1"/>
        <line num="327" count="0" type="stmt"/>
        <line num="331" count="136" type="stmt"/>
        <line num="341" count="1024" type="stmt"/>
        <line num="344" count="1024" type="cond" truecount="1" falsecount="1"/>
        <line num="345" count="0" type="stmt"/>
        <line num="348" count="1024" type="cond" truecount="2" falsecount="0"/>
        <line num="350" count="180" type="stmt"/>
        <line num="351" count="180" type="stmt"/>
        <line num="354" count="844" type="stmt"/>
        <line num="355" count="844" type="stmt"/>
        <line num="357" count="844" type="cond" truecount="4" falsecount="3"/>
        <line num="359" count="419" type="stmt"/>
        <line num="361" count="84" type="stmt"/>
        <line num="363" count="286" type="stmt"/>
        <line num="365" count="55" type="stmt"/>
        <line num="367" count="0" type="stmt"/>
        <line num="369" count="0" type="stmt"/>
        <line num="371" count="0" type="stmt"/>
        <line num="382" count="1688" type="cond" truecount="4" falsecount="0"/>
        <line num="383" count="22" type="stmt"/>
        <line num="387" count="1666" type="cond" truecount="2" falsecount="0"/>
        <line num="392" count="222" type="stmt"/>
        <line num="396" count="1666" type="cond" truecount="4" falsecount="0"/>
        <line num="397" count="1314" type="stmt"/>
        <line num="400" count="352" type="stmt"/>
        <line num="411" count="0" type="stmt"/>
        <line num="413" count="0" type="stmt"/>
        <line num="415" count="0" type="stmt"/>
        <line num="418" count="0" type="cond" truecount="0" falsecount="2"/>
        <line num="419" count="0" type="stmt"/>
        <line num="420" count="0" type="stmt"/>
        <line num="421" count="0" type="stmt"/>
        <line num="426" count="0" type="stmt"/>
        <line num="427" count="0" type="stmt"/>
        <line num="428" count="0" type="stmt"/>
        <line num="429" count="0" type="cond" truecount="0" falsecount="2"/>
        <line num="430" count="0" type="stmt"/>
        <line num="431" count="0" type="stmt"/>
        <line num="433" count="0" type="cond" truecount="0" falsecount="3"/>
        <line num="435" count="0" type="stmt"/>
        <line num="437" count="0" type="stmt"/>
        <line num="439" count="0" type="stmt"/>
        <line num="443" count="0" type="stmt"/>
        <line num="445" count="0" type="stmt"/>
        <line num="449" count="0" type="stmt"/>
        <line num="457" count="0" type="stmt"/>
        <line num="459" count="0" type="stmt"/>
        <line num="460" count="0" type="stmt"/>
        <line num="461" count="0" type="stmt"/>
        <line num="462" count="0" type="stmt"/>
        <line num="463" count="0" type="cond" truecount="0" falsecount="2"/>
        <line num="464" count="0" type="stmt"/>
        <line num="465" count="0" type="cond" truecount="0" falsecount="4"/>
        <line num="467" count="0" type="stmt"/>
        <line num="468" count="0" type="stmt"/>
        <line num="470" count="0" type="stmt"/>
        <line num="471" count="0" type="stmt"/>
        <line num="473" count="0" type="stmt"/>
        <line num="474" count="0" type="stmt"/>
        <line num="476" count="0" type="stmt"/>
        <line num="477" count="0" type="stmt"/>
        <line num="483" count="0" type="stmt"/>
        <line num="493" count="4" type="stmt"/>
        <line num="494" count="4" type="stmt"/>
        <line num="495" count="4" type="stmt"/>
        <line num="498" count="3" type="stmt"/>
        <line num="499" count="3" type="stmt"/>
        <line num="501" count="9" type="stmt"/>
        <line num="502" count="9" type="cond" truecount="2" falsecount="2"/>
        <line num="503" count="0" type="stmt"/>
        <line num="505" count="9" type="stmt"/>
        <line num="509" count="3" type="stmt"/>
        <line num="512" count="3" type="stmt"/>
        <line num="514" count="3" type="stmt"/>
        <line num="523" count="3" type="stmt"/>
        <line num="524" count="3" type="stmt"/>
        <line num="525" count="3" type="cond" truecount="1" falsecount="1"/>
        <line num="526" count="0" type="stmt"/>
        <line num="529" count="3" type="stmt"/>
        <line num="532" count="3" type="stmt"/>
        <line num="533" count="0" type="stmt"/>
        <line num="542" count="0" type="stmt"/>
        <line num="543" count="0" type="stmt"/>
        <line num="544" count="0" type="stmt"/>
        <line num="545" count="0" type="stmt"/>
        <line num="546" count="0" type="stmt"/>
        <line num="547" count="0" type="cond" truecount="0" falsecount="2"/>
        <line num="548" count="0" type="stmt"/>
        <line num="549" count="0" type="stmt"/>
        <line num="550" count="0" type="stmt"/>
        <line num="553" count="0" type="stmt"/>
        <line num="555" count="0" type="stmt"/>
        <line num="556" count="0" type="stmt"/>
        <line num="559" count="24" type="stmt"/>
      </file>
      <file name="queryParser.js" path="C:\Users\hiihi\Desktop\queriqueen\Query-Master\src\queryParser.js">
        <metrics statements="131" coveredstatements="106" conditionals="49" coveredconditionals="34" methods="15" coveredmethods="12"/>
        <line num="1" count="25" type="stmt"/>
        <line num="2" count="25" type="stmt"/>
        <line num="11" count="700" type="stmt"/>
        <line num="13" count="700" type="stmt"/>
        <line num="15" count="700" type="stmt"/>
        <line num="16" count="700" type="stmt"/>
        <line num="18" count="700" type="stmt"/>
        <line num="19" count="700" type="cond" truecount="2" falsecount="0"/>
        <line num="20" count="58" type="stmt"/>
        <line num="22" count="700" type="stmt"/>
        <line num="24" count="700" type="stmt"/>
        <line num="25" count="700" type="stmt"/>
        <line num="26" count="700" type="stmt"/>
        <line num="27" count="700" type="cond" truecount="2" falsecount="0"/>
        <line num="28" count="51" type="stmt"/>
        <line num="29" count="51" type="stmt"/>
        <line num="30" count="51" type="cond" truecount="1" falsecount="1"/>
        <line num="33" count="700" type="stmt"/>
        <line num="35" count="700" type="stmt"/>
        <line num="36" count="700" type="stmt"/>
        <line num="38" count="700" type="cond" truecount="2" falsecount="0"/>
        <line num="42" count="131" type="stmt"/>
        <line num="45" count="700" type="stmt"/>
        <line num="46" count="700" type="stmt"/>
        <line num="47" count="700" type="cond" truecount="2" falsecount="0"/>
        <line num="49" count="700" type="stmt"/>
        <line num="50" count="700" type="stmt"/>
        <line num="52" count="700" type="stmt"/>
        <line num="53" count="700" type="cond" truecount="2" falsecount="0"/>
        <line num="54" count="41" type="stmt"/>
        <line num="55" count="41" type="stmt"/>
        <line num="58" count="700" type="stmt"/>
        <line num="59" count="700" type="stmt"/>
        <line num="61" count="700" type="cond" truecount="2" falsecount="0"/>
        <line num="62" count="8" type="stmt"/>
        <line num="67" count="692" type="stmt"/>
        <line num="70" count="692" type="stmt"/>
        <line num="73" count="1182" type="stmt"/>
        <line num="74" count="692" type="stmt"/>
        <line num="75" count="1172" type="cond" truecount="1" falsecount="1"/>
        <line num="76" count="1172" type="stmt"/>
        <line num="80" count="451" type="stmt"/>
        <line num="81" count="451" type="stmt"/>
        <line num="83" count="451" type="stmt"/>
        <line num="84" count="451" type="cond" truecount="2" falsecount="0"/>
        <line num="85" count="261" type="stmt"/>
        <line num="89" count="451" type="stmt"/>
        <line num="91" count="451" type="cond" truecount="1" falsecount="1"/>
        <line num="93" count="451" type="stmt"/>
        <line num="115" count="264" type="stmt"/>
        <line num="117" count="264" type="stmt"/>
        <line num="119" count="264" type="stmt"/>
        <line num="120" count="346" type="stmt"/>
        <line num="126" count="305" type="cond" truecount="2" falsecount="0"/>
        <line num="127" count="30" type="stmt"/>
        <line num="128" count="30" type="stmt"/>
        <line num="135" count="275" type="stmt"/>
        <line num="136" count="275" type="cond" truecount="1" falsecount="1"/>
        <line num="137" count="275" type="stmt"/>
        <line num="138" count="275" type="stmt"/>
        <line num="145" count="0" type="stmt"/>
        <line num="147" count="264" type="stmt"/>
        <line num="148" count="264" type="stmt"/>
        <line num="149" count="346" type="stmt"/>
        <line num="150" count="346" type="cond" truecount="1" falsecount="1"/>
        <line num="151" count="0" type="stmt"/>
        <line num="152" count="0" type="cond" truecount="0" falsecount="2"/>
        <line num="153" count="0" type="stmt"/>
        <line num="154" count="0" type="stmt"/>
        <line num="155" count="346" type="cond" truecount="1" falsecount="1"/>
        <line num="156" count="0" type="stmt"/>
        <line num="157" count="346" type="cond" truecount="2" falsecount="0"/>
        <line num="161" count="41" type="stmt"/>
        <line num="162" count="41" type="stmt"/>
        <line num="164" count="305" type="stmt"/>
        <line num="165" count="305" type="cond" truecount="2" falsecount="0"/>
        <line num="166" count="41" type="stmt"/>
        <line num="167" count="305" type="stmt"/>
        <line num="170" count="264" type="stmt"/>
        <line num="172" count="264" type="stmt"/>
        <line num="173" count="264" type="stmt"/>
        <line num="183" count="495" type="stmt"/>
        <line num="184" count="495" type="stmt"/>
        <line num="186" count="495" type="cond" truecount="2" falsecount="0"/>
        <line num="187" count="237" type="stmt"/>
        <line num="197" count="258" type="stmt"/>
        <line num="210" count="8" type="stmt"/>
        <line num="211" count="8" type="stmt"/>
        <line num="213" count="8" type="stmt"/>
        <line num="214" count="8" type="stmt"/>
        <line num="216" count="8" type="cond" truecount="1" falsecount="1"/>
        <line num="217" count="0" type="stmt"/>
        <line num="220" count="8" type="stmt"/>
        <line num="223" count="8" type="stmt"/>
        <line num="226" count="24" type="stmt"/>
        <line num="227" count="8" type="stmt"/>
        <line num="228" count="24" type="stmt"/>
        <line num="232" count="24" type="stmt"/>
        <line num="233" count="8" type="stmt"/>
        <line num="234" count="24" type="stmt"/>
        <line num="237" count="8" type="stmt"/>
        <line num="251" count="3" type="stmt"/>
        <line num="252" count="3" type="stmt"/>
        <line num="254" count="3" type="stmt"/>
        <line num="255" count="3" type="stmt"/>
        <line num="256" count="3" type="cond" truecount="1" falsecount="1"/>
        <line num="257" count="0" type="stmt"/>
        <line num="260" count="3" type="stmt"/>
        <line num="263" count="3" type="stmt"/>
        <line num="265" count="3" type="stmt"/>
        <line num="266" count="3" type="cond" truecount="1" falsecount="1"/>
        <line num="267" count="3" type="stmt"/>
        <line num="270" count="3" type="stmt"/>
        <line num="283" count="0" type="stmt"/>
        <line num="284" count="0" type="stmt"/>
        <line num="287" count="0" type="stmt"/>
        <line num="288" count="0" type="stmt"/>
        <line num="289" count="0" type="cond" truecount="0" falsecount="2"/>
        <line num="290" count="0" type="stmt"/>
        <line num="293" count="0" type="stmt"/>
        <line num="296" count="0" type="stmt"/>
        <line num="299" count="0" type="stmt"/>
        <line num="300" count="0" type="stmt"/>
        <line num="301" count="0" type="stmt"/>
        <line num="302" count="0" type="stmt"/>
        <line num="303" count="0" type="stmt"/>
        <line num="307" count="0" type="stmt"/>
        <line num="308" count="0" type="cond" truecount="0" falsecount="2"/>
        <line num="309" count="0" type="stmt"/>
        <line num="312" count="0" type="stmt"/>
        <line num="321" count="25" type="stmt"/>
      </file>
    </package>
    <package name="src.errors">
      <metrics statements="37" coveredstatements="28" conditionals="8" coveredconditionals="1" methods="11" coveredmethods="5"/>
      <file name="AppError.js" path="C:\Users\hiihi\Desktop\queriqueen\Query-Master\src\errors\AppError.js">
        <metrics statements="9" coveredstatements="8" conditionals="2" coveredconditionals="0" methods="3" coveredmethods="2"/>
        <line num="7" count="249" type="stmt"/>
        <line num="8" count="249" type="stmt"/>
        <line num="9" count="249" type="stmt"/>
        <line num="10" count="249" type="stmt"/>
        <line num="11" count="249" type="stmt"/>
        <line num="12" count="249" type="stmt"/>
        <line num="16" count="482" type="stmt"/>
        <line num="28" count="0" type="stmt"/>
        <line num="32" count="25" type="stmt"/>
      </file>
      <file name="ExecutionError.js" path="C:\Users\hiihi\Desktop\queriqueen\Query-Master\src\errors\ExecutionError.js">
        <metrics statements="6" coveredstatements="2" conditionals="2" coveredconditionals="0" methods="2" coveredmethods="0"/>
        <line num="1" count="25" type="stmt"/>
        <line num="8" count="0" type="stmt"/>
        <line num="9" count="0" type="stmt"/>
        <line num="10" count="0" type="stmt"/>
        <line num="14" count="0" type="stmt"/>
        <line num="25" count="25" type="stmt"/>
      </file>
      <file name="ParseError.js" path="C:\Users\hiihi\Desktop\queriqueen\Query-Master\src\errors\ParseError.js">
        <metrics statements="6" coveredstatements="5" conditionals="2" coveredconditionals="1" methods="2" coveredmethods="1"/>
        <line num="1" count="25" type="stmt"/>
        <line num="8" count="8" type="stmt"/>
        <line num="9" count="8" type="stmt"/>
        <line num="10" count="8" type="stmt"/>
        <line num="14" count="0" type="stmt"/>
        <line num="25" count="25" type="stmt"/>
      </file>
      <file name="SecurityError.js" path="C:\Users\hiihi\Desktop\queriqueen\Query-Master\src\errors\SecurityError.js">
        <metrics statements="5" coveredstatements="5" conditionals="1" coveredconditionals="0" methods="2" coveredmethods="2"/>
        <line num="1" count="25" type="stmt"/>
        <line num="9" count="241" type="stmt"/>
        <line num="10" count="241" type="stmt"/>
        <line num="14" count="241" type="stmt"/>
        <line num="24" count="25" type="stmt"/>
      </file>
      <file name="ValidationError.js" path="C:\Users\hiihi\Desktop\queriqueen\Query-Master\src\errors\ValidationError.js">
        <metrics statements="5" coveredstatements="2" conditionals="1" coveredconditionals="0" methods="2" coveredmethods="0"/>
        <line num="1" count="25" type="stmt"/>
        <line num="8" count="0" type="stmt"/>
        <line num="9" count="0" type="stmt"/>
        <line num="13" count="0" type="stmt"/>
        <line num="23" count="25" type="stmt"/>
      </file>
      <file name="index.js" path="C:\Users\hiihi\Desktop\queriqueen\Query-Master\src\errors\index.js">
        <metrics statements="6" coveredstatements="6" conditionals="0" coveredconditionals="0" methods="0" coveredmethods="0"/>
        <line num="1" count="25" type="stmt"/>
        <line num="2" count="25" type="stmt"/>
        <line num="3" count="25" type="stmt"/>
        <line num="4" count="25" type="stmt"/>
        <line num="5" count="25" type="stmt"/>
        <line num="7" count="25" type="stmt"/>
      </file>
    </package>
    <package name="src.security">
      <metrics statements="82" coveredstatements="34" conditionals="71" coveredconditionals="24" methods="17" coveredmethods="7"/>
      <file name="index.js" path="C:\Users\hiihi\Desktop\queriqueen\Query-Master\src\security\index.js">
        <metrics statements="3" coveredstatements="3" conditionals="0" coveredconditionals="0" methods="0" coveredmethods="0"/>
        <line num="1" count="25" type="stmt"/>
        <line num="2" count="25" type="stmt"/>
        <line num="4" count="25" type="stmt"/>
      </file>
      <file name="sanitizers.js" path="C:\Users\hiihi\Desktop\queriqueen\Query-Master\src\security\sanitizers.js">
        <metrics statements="22" coveredstatements="5" conditionals="17" coveredconditionals="1" methods="8" coveredmethods="2"/>
        <line num="4" count="25" type="stmt"/>
        <line num="11" count="0" type="stmt"/>
        <line num="20" count="0" type="stmt"/>
        <line num="29" count="24" type="cond" truecount="1" falsecount="1"/>
        <line num="30" count="24" type="stmt"/>
        <line num="32" count="0" type="stmt"/>
        <line num="41" count="711" type="stmt"/>
        <line num="56" count="0" type="cond" truecount="0" falsecount="4"/>
        <line num="57" count="0" type="stmt"/>
        <line num="59" count="0" type="stmt"/>
        <line num="61" count="0" type="cond" truecount="0" falsecount="5"/>
        <line num="62" count="0" type="stmt"/>
        <line num="64" count="0" type="stmt"/>
        <line num="73" count="0" type="cond" truecount="0" falsecount="2"/>
        <line num="74" count="0" type="stmt"/>
        <line num="84" count="0" type="cond" truecount="0" falsecount="4"/>
        <line num="85" count="0" type="stmt"/>
        <line num="87" count="0" type="stmt"/>
        <line num="88" count="0" type="stmt"/>
        <line num="89" count="0" type="stmt"/>
        <line num="91" count="0" type="stmt"/>
        <line num="95" count="25" type="stmt"/>
      </file>
      <file name="validators.js" path="C:\Users\hiihi\Desktop\queriqueen\Query-Master\src\security\validators.js">
        <metrics statements="57" coveredstatements="26" conditionals="54" coveredconditionals="23" methods="9" coveredmethods="5"/>
        <line num="1" count="25" type="stmt"/>
        <line num="6" count="25" type="stmt"/>
        <line num="14" count="703" type="cond" truecount="3" falsecount="1"/>
        <line num="15" count="0" type="stmt"/>
        <line num="19" count="703" type="cond" truecount="1" falsecount="1"/>
        <line num="20" count="0" type="stmt"/>
        <line num="26" count="703" type="cond" truecount="1" falsecount="1"/>
        <line num="27" count="0" type="stmt"/>
        <line num="30" count="703" type="stmt"/>
        <line num="40" count="1196" type="cond" truecount="3" falsecount="1"/>
        <line num="41" count="0" type="stmt"/>
        <line num="45" count="1196" type="stmt"/>
        <line num="46" count="1196" type="cond" truecount="1" falsecount="1"/>
        <line num="47" count="0" type="stmt"/>
        <line num="50" count="1196" type="stmt"/>
        <line num="51" count="1621" type="cond" truecount="4" falsecount="0"/>
        <line num="52" count="241" type="stmt"/>
        <line num="59" count="955" type="cond" truecount="1" falsecount="1"/>
        <line num="60" count="0" type="stmt"/>
        <line num="63" count="955" type="stmt"/>
        <line num="73" count="24" type="cond" truecount="3" falsecount="1"/>
        <line num="74" count="0" type="stmt"/>
        <line num="77" count="24" type="stmt"/>
        <line num="80" count="24" type="stmt"/>
        <line num="87" count="24" type="stmt"/>
        <line num="88" count="96" type="cond" truecount="1" falsecount="1"/>
        <line num="89" count="0" type="stmt"/>
        <line num="96" count="24" type="stmt"/>
        <line num="106" count="711" type="cond" truecount="3" falsecount="1"/>
        <line num="107" count="0" type="stmt"/>
        <line num="110" count="711" type="cond" truecount="1" falsecount="1"/>
        <line num="111" count="0" type="stmt"/>
        <line num="115" count="711" type="stmt"/>
        <line num="116" count="711" type="cond" truecount="1" falsecount="1"/>
        <line num="117" count="0" type="stmt"/>
        <line num="123" count="711" type="stmt"/>
        <line num="133" count="0" type="stmt"/>
        <line num="134" count="0" type="cond" truecount="0" falsecount="2"/>
        <line num="135" count="0" type="stmt"/>
        <line num="137" count="0" type="stmt"/>
        <line num="147" count="0" type="stmt"/>
        <line num="156" count="0" type="cond" truecount="0" falsecount="2"/>
        <line num="157" count="0" type="stmt"/>
        <line num="159" count="0" type="stmt"/>
        <line num="169" count="0" type="cond" truecount="0" falsecount="4"/>
        <line num="170" count="0" type="stmt"/>
        <line num="172" count="0" type="cond" truecount="0" falsecount="2"/>
        <line num="173" count="0" type="stmt"/>
        <line num="175" count="0" type="stmt"/>
        <line num="185" count="0" type="cond" truecount="0" falsecount="4"/>
        <line num="186" count="0" type="stmt"/>
        <line num="190" count="0" type="cond" truecount="0" falsecount="4"/>
        <line num="191" count="0" type="stmt"/>
        <line num="198" count="0" type="cond" truecount="0" falsecount="2"/>
        <line num="199" count="0" type="stmt"/>
        <line num="205" count="0" type="stmt"/>
        <line num="209" count="25" type="stmt"/>
      </file>
    </package>
  </project>
</coverage>
