{"C:\\Users\\hiihi\\Desktop\\queriqueen\\Query-Master\\src\\csvReader.js": {"path":"C:\\Users\\hiihi\\Desktop\\queriqueen\\Query-Master\\src\\csvReader.js","statementMap":{"0":{"start":{"line":3,"column":11},"end":{"line":3,"column":24}},"1":{"start":{"line":4,"column":12},"end":{"line":4,"column":33}},"2":{"start":{"line":5,"column":18},"end":{"line":5,"column":37}},"3":{"start":{"line":8,"column":18},"end":{"line":8,"column":20}},"4":{"start":{"line":10,"column":2},"end":{"line":20,"column":5}},"5":{"start":{"line":11,"column":4},"end":{"line":19,"column":9}},"6":{"start":{"line":13,"column":28},"end":{"line":13,"column":46}},"7":{"start":{"line":15,"column":8},"end":{"line":15,"column":25}},"8":{"start":{"line":18,"column":8},"end":{"line":18,"column":22}},"9":{"start":{"line":24,"column":14},"end":{"line":24,"column":25}},"10":{"start":{"line":25,"column":2},"end":{"line":25,"column":34}},"11":{"start":{"line":28,"column":0},"end":{"line":28,"column":39}}},"fnMap":{"0":{"name":"readCSV","decl":{"start":{"line":7,"column":15},"end":{"line":7,"column":22}},"loc":{"start":{"line":7,"column":33},"end":{"line":21,"column":1}},"line":7},"1":{"name":"(anonymous_1)","decl":{"start":{"line":10,"column":21},"end":{"line":10,"column":22}},"loc":{"start":{"line":10,"column":42},"end":{"line":20,"column":3}},"line":10},"2":{"name":"(anonymous_2)","decl":{"start":{"line":13,"column":18},"end":{"line":13,"column":19}},"loc":{"start":{"line":13,"column":28},"end":{"line":13,"column":46}},"line":13},"3":{"name":"(anonymous_3)","decl":{"start":{"line":14,"column":17},"end":{"line":14,"column":18}},"loc":{"start":{"line":14,"column":23},"end":{"line":16,"column":7}},"line":14},"4":{"name":"(anonymous_4)","decl":{"start":{"line":17,"column":19},"end":{"line":17,"column":20}},"loc":{"start":{"line":17,"column":30},"end":{"line":19,"column":7}},"line":17},"5":{"name":"writeCSV","decl":{"start":{"line":23,"column":15},"end":{"line":23,"column":23}},"loc":{"start":{"line":23,"column":40},"end":{"line":26,"column":1}},"line":23}},"branchMap":{},"s":{"0":26,"1":26,"2":26,"3":451,"4":451,"5":451,"6":2550,"7":450,"8":0,"9":13,"10":10,"11":26},"f":{"0":451,"1":451,"2":2550,"3":450,"4":0,"5":13},"b":{},"_coverageSchema":"1a1c01bbd47fc00a2c39e90264f33305004495a9","hash":"87c6fb2b42f96b1238ad406ca83fd2a665096e5b"}
,"C:\\Users\\hiihi\\Desktop\\queriqueen\\Query-Master\\src\\queryExecutor.js": {"path":"C:\\Users\\hiihi\\Desktop\\queriqueen\\Query-Master\\src\\queryExecutor.js","statementMap":{"0":{"start":{"line":6,"column":4},"end":{"line":6,"column":28}},"1":{"start":{"line":7,"column":30},"end":{"line":7,"column":52}},"2":{"start":{"line":19,"column":2},"end":{"line":35,"column":5}},"3":{"start":{"line":21,"column":4},"end":{"line":34,"column":9}},"4":{"start":{"line":23,"column":26},"end":{"line":23,"column":67}},"5":{"start":{"line":24,"column":26},"end":{"line":24,"column":68}},"6":{"start":{"line":25,"column":8},"end":{"line":25,"column":39}},"7":{"start":{"line":28,"column":8},"end":{"line":33,"column":15}},"8":{"start":{"line":29,"column":41},"end":{"line":29,"column":57}},"9":{"start":{"line":30,"column":10},"end":{"line":31,"column":74}},"10":{"start":{"line":32,"column":10},"end":{"line":32,"column":21}},"11":{"start":{"line":49,"column":2},"end":{"line":63,"column":5}},"12":{"start":{"line":50,"column":29},"end":{"line":54,"column":6}},"13":{"start":{"line":51,"column":24},"end":{"line":51,"column":68}},"14":{"start":{"line":52,"column":24},"end":{"line":52,"column":69}},"15":{"start":{"line":53,"column":6},"end":{"line":53,"column":37}},"16":{"start":{"line":56,"column":4},"end":{"line":58,"column":5}},"17":{"start":{"line":57,"column":6},"end":{"line":57,"column":67}},"18":{"start":{"line":60,"column":4},"end":{"line":62,"column":6}},"19":{"start":{"line":61,"column":6},"end":{"line":61,"column":60}},"20":{"start":{"line":73,"column":33},"end":{"line":73,"column":61}},"21":{"start":{"line":74,"column":2},"end":{"line":74,"column":60}},"22":{"start":{"line":89,"column":4},"end":{"line":94,"column":10}},"23":{"start":{"line":91,"column":10},"end":{"line":91,"column":26}},"24":{"start":{"line":92,"column":10},"end":{"line":92,"column":21}},"25":{"start":{"line":96,"column":2},"end":{"line":108,"column":5}},"26":{"start":{"line":97,"column":25},"end":{"line":101,"column":6}},"27":{"start":{"line":98,"column":24},"end":{"line":98,"column":68}},"28":{"start":{"line":99,"column":24},"end":{"line":99,"column":69}},"29":{"start":{"line":100,"column":6},"end":{"line":100,"column":37}},"30":{"start":{"line":104,"column":25},"end":{"line":104,"column":62}},"31":{"start":{"line":107,"column":4},"end":{"line":107,"column":71}},"32":{"start":{"line":127,"column":20},"end":{"line":127,"column":22}},"33":{"start":{"line":129,"column":2},"end":{"line":135,"column":3}},"34":{"start":{"line":131,"column":4},"end":{"line":134,"column":7}},"35":{"start":{"line":132,"column":26},"end":{"line":132,"column":43}},"36":{"start":{"line":133,"column":6},"end":{"line":133,"column":61}},"37":{"start":{"line":138,"column":2},"end":{"line":148,"column":5}},"38":{"start":{"line":139,"column":35},"end":{"line":141,"column":22}},"39":{"start":{"line":142,"column":4},"end":{"line":147,"column":17}},"40":{"start":{"line":150,"column":2},"end":{"line":150,"column":19}},"41":{"start":{"line":171,"column":6},"end":{"line":171,"column":29}},"42":{"start":{"line":172,"column":13},"end":{"line":172,"column":42}},"43":{"start":{"line":175,"column":2},"end":{"line":190,"column":3}},"44":{"start":{"line":176,"column":21},"end":{"line":176,"column":54}},"45":{"start":{"line":177,"column":4},"end":{"line":189,"column":5}},"46":{"start":{"line":179,"column":8},"end":{"line":179,"column":78}},"47":{"start":{"line":180,"column":8},"end":{"line":180,"column":14}},"48":{"start":{"line":182,"column":8},"end":{"line":182,"column":77}},"49":{"start":{"line":183,"column":8},"end":{"line":183,"column":14}},"50":{"start":{"line":185,"column":8},"end":{"line":185,"column":78}},"51":{"start":{"line":186,"column":8},"end":{"line":186,"column":14}},"52":{"start":{"line":188,"column":8},"end":{"line":188,"column":62}},"53":{"start":{"line":193,"column":4},"end":{"line":195,"column":12}},"54":{"start":{"line":194,"column":29},"end":{"line":194,"column":65}},"55":{"start":{"line":199,"column":21},"end":{"line":199,"column":33}},"56":{"start":{"line":201,"column":2},"end":{"line":309,"column":3}},"57":{"start":{"line":203,"column":19},"end":{"line":203,"column":21}},"58":{"start":{"line":207,"column":4},"end":{"line":241,"column":7}},"59":{"start":{"line":208,"column":20},"end":{"line":208,"column":51}},"60":{"start":{"line":209,"column":6},"end":{"line":240,"column":7}},"61":{"start":{"line":210,"column":38},"end":{"line":210,"column":43}},"62":{"start":{"line":211,"column":8},"end":{"line":239,"column":9}},"63":{"start":{"line":213,"column":12},"end":{"line":213,"column":48}},"64":{"start":{"line":214,"column":12},"end":{"line":214,"column":18}},"65":{"start":{"line":216,"column":12},"end":{"line":219,"column":14}},"66":{"start":{"line":217,"column":28},"end":{"line":217,"column":59}},"67":{"start":{"line":220,"column":12},"end":{"line":220,"column":18}},"68":{"start":{"line":222,"column":12},"end":{"line":226,"column":38}},"69":{"start":{"line":224,"column":30},"end":{"line":224,"column":61}},"70":{"start":{"line":227,"column":12},"end":{"line":227,"column":18}},"71":{"start":{"line":229,"column":12},"end":{"line":231,"column":14}},"72":{"start":{"line":230,"column":43},"end":{"line":230,"column":68}},"73":{"start":{"line":232,"column":12},"end":{"line":232,"column":18}},"74":{"start":{"line":234,"column":12},"end":{"line":236,"column":14}},"75":{"start":{"line":235,"column":43},"end":{"line":235,"column":68}},"76":{"start":{"line":237,"column":12},"end":{"line":237,"column":18}},"77":{"start":{"line":243,"column":4},"end":{"line":243,"column":20}},"78":{"start":{"line":245,"column":9},"end":{"line":309,"column":3}},"79":{"start":{"line":246,"column":4},"end":{"line":246,"column":69}},"80":{"start":{"line":247,"column":25},"end":{"line":247,"column":37}},"81":{"start":{"line":248,"column":4},"end":{"line":261,"column":5}},"82":{"start":{"line":249,"column":6},"end":{"line":260,"column":9}},"83":{"start":{"line":250,"column":8},"end":{"line":258,"column":9}},"84":{"start":{"line":251,"column":10},"end":{"line":257,"column":11}},"85":{"start":{"line":252,"column":12},"end":{"line":252,"column":55}},"86":{"start":{"line":252,"column":45},"end":{"line":252,"column":55}},"87":{"start":{"line":253,"column":12},"end":{"line":253,"column":54}},"88":{"start":{"line":253,"column":45},"end":{"line":253,"column":54}},"89":{"start":{"line":254,"column":17},"end":{"line":257,"column":11}},"90":{"start":{"line":255,"column":12},"end":{"line":255,"column":54}},"91":{"start":{"line":255,"column":45},"end":{"line":255,"column":54}},"92":{"start":{"line":256,"column":12},"end":{"line":256,"column":55}},"93":{"start":{"line":256,"column":45},"end":{"line":256,"column":55}},"94":{"start":{"line":259,"column":8},"end":{"line":259,"column":17}},"95":{"start":{"line":262,"column":4},"end":{"line":271,"column":5}},"96":{"start":{"line":263,"column":6},"end":{"line":270,"column":8}},"97":{"start":{"line":265,"column":37},"end":{"line":268,"column":11}},"98":{"start":{"line":266,"column":34},"end":{"line":266,"column":45}},"99":{"start":{"line":272,"column":4},"end":{"line":272,"column":68}},"100":{"start":{"line":272,"column":24},"end":{"line":272,"column":68}},"101":{"start":{"line":273,"column":4},"end":{"line":273,"column":24}},"102":{"start":{"line":276,"column":25},"end":{"line":276,"column":37}},"103":{"start":{"line":277,"column":4},"end":{"line":285,"column":5}},"104":{"start":{"line":278,"column":6},"end":{"line":284,"column":9}},"105":{"start":{"line":279,"column":8},"end":{"line":282,"column":9}},"106":{"start":{"line":280,"column":10},"end":{"line":280,"column":75}},"107":{"start":{"line":280,"column":43},"end":{"line":280,"column":75}},"108":{"start":{"line":281,"column":10},"end":{"line":281,"column":75}},"109":{"start":{"line":281,"column":43},"end":{"line":281,"column":75}},"110":{"start":{"line":283,"column":8},"end":{"line":283,"column":17}},"111":{"start":{"line":286,"column":4},"end":{"line":286,"column":72}},"112":{"start":{"line":286,"column":24},"end":{"line":286,"column":72}},"113":{"start":{"line":287,"column":4},"end":{"line":296,"column":5}},"114":{"start":{"line":288,"column":6},"end":{"line":295,"column":8}},"115":{"start":{"line":290,"column":39},"end":{"line":293,"column":11}},"116":{"start":{"line":291,"column":34},"end":{"line":291,"column":45}},"117":{"start":{"line":298,"column":4},"end":{"line":308,"column":7}},"118":{"start":{"line":299,"column":8},"end":{"line":302,"column":9}},"119":{"start":{"line":301,"column":12},"end":{"line":301,"column":23}},"120":{"start":{"line":303,"column":28},"end":{"line":303,"column":30}},"121":{"start":{"line":304,"column":8},"end":{"line":306,"column":11}},"122":{"start":{"line":305,"column":12},"end":{"line":305,"column":44}},"123":{"start":{"line":307,"column":8},"end":{"line":307,"column":27}},"124":{"start":{"line":319,"column":2},"end":{"line":319,"column":25}},"125":{"start":{"line":319,"column":13},"end":{"line":319,"column":25}},"126":{"start":{"line":320,"column":2},"end":{"line":330,"column":3}},"127":{"start":{"line":321,"column":4},"end":{"line":321,"column":40}},"128":{"start":{"line":322,"column":9},"end":{"line":330,"column":3}},"129":{"start":{"line":323,"column":4},"end":{"line":325,"column":6}},"130":{"start":{"line":326,"column":9},"end":{"line":330,"column":3}},"131":{"start":{"line":327,"column":4},"end":{"line":329,"column":6}},"132":{"start":{"line":331,"column":2},"end":{"line":331,"column":51}},"133":{"start":{"line":341,"column":35},"end":{"line":341,"column":41}},"134":{"start":{"line":344,"column":2},"end":{"line":346,"column":3}},"135":{"start":{"line":345,"column":4},"end":{"line":345,"column":47}},"136":{"start":{"line":348,"column":2},"end":{"line":352,"column":3}},"137":{"start":{"line":350,"column":25},"end":{"line":350,"column":69}},"138":{"start":{"line":351,"column":4},"end":{"line":351,"column":65}},"139":{"start":{"line":354,"column":19},"end":{"line":354,"column":41}},"140":{"start":{"line":355,"column":23},"end":{"line":355,"column":40}},"141":{"start":{"line":357,"column":2},"end":{"line":372,"column":3}},"142":{"start":{"line":359,"column":6},"end":{"line":359,"column":41}},"143":{"start":{"line":361,"column":6},"end":{"line":361,"column":41}},"144":{"start":{"line":363,"column":6},"end":{"line":363,"column":39}},"145":{"start":{"line":365,"column":6},"end":{"line":365,"column":39}},"146":{"start":{"line":367,"column":6},"end":{"line":367,"column":40}},"147":{"start":{"line":369,"column":6},"end":{"line":369,"column":40}},"148":{"start":{"line":371,"column":6},"end":{"line":371,"column":59}},"149":{"start":{"line":382,"column":2},"end":{"line":384,"column":3}},"150":{"start":{"line":383,"column":4},"end":{"line":383,"column":17}},"151":{"start":{"line":387,"column":2},"end":{"line":393,"column":3}},"152":{"start":{"line":392,"column":4},"end":{"line":392,"column":49}},"153":{"start":{"line":396,"column":2},"end":{"line":398,"column":3}},"154":{"start":{"line":397,"column":4},"end":{"line":397,"column":25}},"155":{"start":{"line":400,"column":2},"end":{"line":400,"column":15}},"156":{"start":{"line":411,"column":23},"end":{"line":411,"column":25}},"157":{"start":{"line":413,"column":2},"end":{"line":454,"column":5}},"158":{"start":{"line":415,"column":21},"end":{"line":415,"column":71}},"159":{"start":{"line":415,"column":50},"end":{"line":415,"column":60}},"160":{"start":{"line":418,"column":4},"end":{"line":423,"column":5}},"161":{"start":{"line":419,"column":6},"end":{"line":419,"column":75}},"162":{"start":{"line":420,"column":6},"end":{"line":422,"column":8}},"163":{"start":{"line":421,"column":20},"end":{"line":421,"column":62}},"164":{"start":{"line":426,"column":4},"end":{"line":426,"column":38}},"165":{"start":{"line":427,"column":4},"end":{"line":453,"column":7}},"166":{"start":{"line":428,"column":20},"end":{"line":428,"column":47}},"167":{"start":{"line":429,"column":6},"end":{"line":452,"column":7}},"168":{"start":{"line":430,"column":38},"end":{"line":430,"column":43}},"169":{"start":{"line":431,"column":22},"end":{"line":431,"column":47}},"170":{"start":{"line":433,"column":8},"end":{"line":451,"column":9}},"171":{"start":{"line":435,"column":12},"end":{"line":436,"column":67}},"172":{"start":{"line":437,"column":12},"end":{"line":437,"column":18}},"173":{"start":{"line":439,"column":12},"end":{"line":442,"column":14}},"174":{"start":{"line":443,"column":12},"end":{"line":443,"column":18}},"175":{"start":{"line":445,"column":12},"end":{"line":448,"column":14}},"176":{"start":{"line":449,"column":12},"end":{"line":449,"column":18}},"177":{"start":{"line":457,"column":2},"end":{"line":484,"column":5}},"178":{"start":{"line":459,"column":23},"end":{"line":459,"column":25}},"179":{"start":{"line":460,"column":4},"end":{"line":460,"column":73}},"180":{"start":{"line":460,"column":38},"end":{"line":460,"column":70}},"181":{"start":{"line":461,"column":4},"end":{"line":481,"column":7}},"182":{"start":{"line":462,"column":20},"end":{"line":462,"column":50}},"183":{"start":{"line":463,"column":6},"end":{"line":480,"column":7}},"184":{"start":{"line":464,"column":38},"end":{"line":464,"column":43}},"185":{"start":{"line":465,"column":8},"end":{"line":479,"column":9}},"186":{"start":{"line":467,"column":12},"end":{"line":467,"column":52}},"187":{"start":{"line":468,"column":12},"end":{"line":468,"column":18}},"188":{"start":{"line":470,"column":12},"end":{"line":470,"column":52}},"189":{"start":{"line":471,"column":12},"end":{"line":471,"column":18}},"190":{"start":{"line":473,"column":12},"end":{"line":473,"column":53}},"191":{"start":{"line":474,"column":12},"end":{"line":474,"column":18}},"192":{"start":{"line":476,"column":12},"end":{"line":476,"column":43}},"193":{"start":{"line":477,"column":12},"end":{"line":477,"column":18}},"194":{"start":{"line":483,"column":4},"end":{"line":483,"column":22}},"195":{"start":{"line":493,"column":2},"end":{"line":493,"column":39}},"196":{"start":{"line":494,"column":37},"end":{"line":494,"column":60}},"197":{"start":{"line":495,"column":15},"end":{"line":495,"column":44}},"198":{"start":{"line":498,"column":17},"end":{"line":498,"column":19}},"199":{"start":{"line":499,"column":2},"end":{"line":506,"column":5}},"200":{"start":{"line":501,"column":16},"end":{"line":501,"column":29}},"201":{"start":{"line":502,"column":4},"end":{"line":504,"column":5}},"202":{"start":{"line":503,"column":6},"end":{"line":503,"column":51}},"203":{"start":{"line":505,"column":4},"end":{"line":505,"column":27}},"204":{"start":{"line":509,"column":2},"end":{"line":509,"column":20}},"205":{"start":{"line":512,"column":2},"end":{"line":512,"column":39}},"206":{"start":{"line":514,"column":2},"end":{"line":514,"column":51}},"207":{"start":{"line":523,"column":34},"end":{"line":523,"column":57}},"208":{"start":{"line":524,"column":13},"end":{"line":524,"column":42}},"209":{"start":{"line":525,"column":2},"end":{"line":530,"column":3}},"210":{"start":{"line":526,"column":4},"end":{"line":526,"column":71}},"211":{"start":{"line":526,"column":32},"end":{"line":526,"column":69}},"212":{"start":{"line":529,"column":4},"end":{"line":529,"column":14}},"213":{"start":{"line":532,"column":2},"end":{"line":532,"column":39}},"214":{"start":{"line":533,"column":2},"end":{"line":533,"column":51}},"215":{"start":{"line":542,"column":46},"end":{"line":542,"column":69}},"216":{"start":{"line":543,"column":13},"end":{"line":543,"column":42}},"217":{"start":{"line":544,"column":21},"end":{"line":544,"column":22}},"218":{"start":{"line":545,"column":2},"end":{"line":554,"column":5}},"219":{"start":{"line":546,"column":18},"end":{"line":546,"column":54}},"220":{"start":{"line":547,"column":4},"end":{"line":552,"column":5}},"221":{"start":{"line":548,"column":6},"end":{"line":548,"column":21}},"222":{"start":{"line":549,"column":6},"end":{"line":551,"column":9}},"223":{"start":{"line":550,"column":8},"end":{"line":550,"column":28}},"224":{"start":{"line":553,"column":4},"end":{"line":553,"column":15}},"225":{"start":{"line":555,"column":2},"end":{"line":555,"column":39}},"226":{"start":{"line":556,"column":2},"end":{"line":556,"column":69}},"227":{"start":{"line":559,"column":0},"end":{"line":564,"column":2}}},"fnMap":{"0":{"name":"performInnerJoin","decl":{"start":{"line":18,"column":9},"end":{"line":18,"column":25}},"loc":{"start":{"line":18,"column":72},"end":{"line":36,"column":1}},"line":18},"1":{"name":"(anonymous_1)","decl":{"start":{"line":19,"column":22},"end":{"line":19,"column":23}},"loc":{"start":{"line":19,"column":35},"end":{"line":35,"column":3}},"line":19},"2":{"name":"(anonymous_2)","decl":{"start":{"line":22,"column":14},"end":{"line":22,"column":15}},"loc":{"start":{"line":22,"column":27},"end":{"line":26,"column":7}},"line":22},"3":{"name":"(anonymous_3)","decl":{"start":{"line":27,"column":11},"end":{"line":27,"column":12}},"loc":{"start":{"line":27,"column":24},"end":{"line":34,"column":7}},"line":27},"4":{"name":"(anonymous_4)","decl":{"start":{"line":28,"column":29},"end":{"line":28,"column":30}},"loc":{"start":{"line":28,"column":45},"end":{"line":33,"column":9}},"line":28},"5":{"name":"performLeftJoin","decl":{"start":{"line":48,"column":9},"end":{"line":48,"column":24}},"loc":{"start":{"line":48,"column":71},"end":{"line":64,"column":1}},"line":48},"6":{"name":"(anonymous_6)","decl":{"start":{"line":49,"column":22},"end":{"line":49,"column":23}},"loc":{"start":{"line":49,"column":35},"end":{"line":63,"column":3}},"line":49},"7":{"name":"(anonymous_7)","decl":{"start":{"line":50,"column":45},"end":{"line":50,"column":46}},"loc":{"start":{"line":50,"column":58},"end":{"line":54,"column":5}},"line":50},"8":{"name":"(anonymous_8)","decl":{"start":{"line":60,"column":32},"end":{"line":60,"column":33}},"loc":{"start":{"line":61,"column":6},"end":{"line":61,"column":60}},"line":61},"9":{"name":"getValueFromRow","decl":{"start":{"line":72,"column":9},"end":{"line":72,"column":24}},"loc":{"start":{"line":72,"column":49},"end":{"line":75,"column":1}},"line":72},"10":{"name":"performRightJoin","decl":{"start":{"line":86,"column":9},"end":{"line":86,"column":25}},"loc":{"start":{"line":86,"column":72},"end":{"line":109,"column":1}},"line":86},"11":{"name":"(anonymous_11)","decl":{"start":{"line":90,"column":36},"end":{"line":90,"column":37}},"loc":{"start":{"line":90,"column":50},"end":{"line":93,"column":9}},"line":90},"12":{"name":"(anonymous_12)","decl":{"start":{"line":96,"column":22},"end":{"line":96,"column":23}},"loc":{"start":{"line":96,"column":35},"end":{"line":108,"column":3}},"line":96},"13":{"name":"(anonymous_13)","decl":{"start":{"line":97,"column":35},"end":{"line":97,"column":36}},"loc":{"start":{"line":97,"column":48},"end":{"line":101,"column":5}},"line":97},"14":{"name":"createResultRow","decl":{"start":{"line":120,"column":9},"end":{"line":120,"column":24}},"loc":{"start":{"line":126,"column":2},"end":{"line":151,"column":1}},"line":126},"15":{"name":"(anonymous_15)","decl":{"start":{"line":131,"column":39},"end":{"line":131,"column":40}},"loc":{"start":{"line":131,"column":48},"end":{"line":134,"column":5}},"line":131},"16":{"name":"(anonymous_16)","decl":{"start":{"line":138,"column":17},"end":{"line":138,"column":18}},"loc":{"start":{"line":138,"column":28},"end":{"line":148,"column":3}},"line":138},"17":{"name":"executeSELECTQuery","decl":{"start":{"line":158,"column":15},"end":{"line":158,"column":33}},"loc":{"start":{"line":158,"column":41},"end":{"line":310,"column":1}},"line":158},"18":{"name":"(anonymous_18)","decl":{"start":{"line":194,"column":20},"end":{"line":194,"column":21}},"loc":{"start":{"line":194,"column":29},"end":{"line":194,"column":65}},"line":194},"19":{"name":"(anonymous_19)","decl":{"start":{"line":207,"column":19},"end":{"line":207,"column":20}},"loc":{"start":{"line":207,"column":30},"end":{"line":241,"column":5}},"line":207},"20":{"name":"(anonymous_20)","decl":{"start":{"line":217,"column":14},"end":{"line":217,"column":15}},"loc":{"start":{"line":217,"column":28},"end":{"line":217,"column":59}},"line":217},"21":{"name":"(anonymous_21)","decl":{"start":{"line":224,"column":16},"end":{"line":224,"column":17}},"loc":{"start":{"line":224,"column":30},"end":{"line":224,"column":61}},"line":224},"22":{"name":"(anonymous_22)","decl":{"start":{"line":230,"column":34},"end":{"line":230,"column":35}},"loc":{"start":{"line":230,"column":43},"end":{"line":230,"column":68}},"line":230},"23":{"name":"(anonymous_23)","decl":{"start":{"line":235,"column":34},"end":{"line":235,"column":35}},"loc":{"start":{"line":235,"column":43},"end":{"line":235,"column":68}},"line":235},"24":{"name":"(anonymous_24)","decl":{"start":{"line":249,"column":41},"end":{"line":249,"column":42}},"loc":{"start":{"line":249,"column":51},"end":{"line":260,"column":7}},"line":249},"25":{"name":"(anonymous_25)","decl":{"start":{"line":265,"column":27},"end":{"line":265,"column":28}},"loc":{"start":{"line":265,"column":37},"end":{"line":268,"column":11}},"line":265},"26":{"name":"(anonymous_26)","decl":{"start":{"line":266,"column":23},"end":{"line":266,"column":24}},"loc":{"start":{"line":266,"column":34},"end":{"line":266,"column":45}},"line":266},"27":{"name":"(anonymous_27)","decl":{"start":{"line":278,"column":41},"end":{"line":278,"column":42}},"loc":{"start":{"line":278,"column":51},"end":{"line":284,"column":7}},"line":278},"28":{"name":"(anonymous_28)","decl":{"start":{"line":290,"column":29},"end":{"line":290,"column":30}},"loc":{"start":{"line":290,"column":39},"end":{"line":293,"column":11}},"line":290},"29":{"name":"(anonymous_29)","decl":{"start":{"line":291,"column":23},"end":{"line":291,"column":24}},"loc":{"start":{"line":291,"column":34},"end":{"line":291,"column":45}},"line":291},"30":{"name":"(anonymous_30)","decl":{"start":{"line":298,"column":30},"end":{"line":298,"column":31}},"loc":{"start":{"line":298,"column":37},"end":{"line":308,"column":5}},"line":298},"31":{"name":"(anonymous_31)","decl":{"start":{"line":304,"column":23},"end":{"line":304,"column":24}},"loc":{"start":{"line":304,"column":32},"end":{"line":306,"column":9}},"line":304},"32":{"name":"evaluateWhereTree","decl":{"start":{"line":318,"column":9},"end":{"line":318,"column":26}},"loc":{"start":{"line":318,"column":38},"end":{"line":332,"column":1}},"line":318},"33":{"name":"evaluateCondition","decl":{"start":{"line":340,"column":9},"end":{"line":340,"column":26}},"loc":{"start":{"line":340,"column":40},"end":{"line":373,"column":1}},"line":340},"34":{"name":"parseValue","decl":{"start":{"line":380,"column":9},"end":{"line":380,"column":19}},"loc":{"start":{"line":380,"column":27},"end":{"line":401,"column":1}},"line":380},"35":{"name":"applyGroupBy","decl":{"start":{"line":410,"column":9},"end":{"line":410,"column":21}},"loc":{"start":{"line":410,"column":63},"end":{"line":485,"column":1}},"line":410},"36":{"name":"(anonymous_36)","decl":{"start":{"line":413,"column":15},"end":{"line":413,"column":16}},"loc":{"start":{"line":413,"column":24},"end":{"line":454,"column":3}},"line":413},"37":{"name":"(anonymous_37)","decl":{"start":{"line":415,"column":39},"end":{"line":415,"column":40}},"loc":{"start":{"line":415,"column":50},"end":{"line":415,"column":60}},"line":415},"38":{"name":"(anonymous_38)","decl":{"start":{"line":421,"column":8},"end":{"line":421,"column":9}},"loc":{"start":{"line":421,"column":20},"end":{"line":421,"column":62}},"line":421},"39":{"name":"(anonymous_39)","decl":{"start":{"line":427,"column":31},"end":{"line":427,"column":32}},"loc":{"start":{"line":427,"column":41},"end":{"line":453,"column":5}},"line":427},"40":{"name":"(anonymous_40)","decl":{"start":{"line":457,"column":41},"end":{"line":457,"column":42}},"loc":{"start":{"line":457,"column":52},"end":{"line":484,"column":3}},"line":457},"41":{"name":"(anonymous_41)","decl":{"start":{"line":460,"column":26},"end":{"line":460,"column":27}},"loc":{"start":{"line":460,"column":38},"end":{"line":460,"column":70}},"line":460},"42":{"name":"(anonymous_42)","decl":{"start":{"line":461,"column":31},"end":{"line":461,"column":32}},"loc":{"start":{"line":461,"column":41},"end":{"line":481,"column":5}},"line":461},"43":{"name":"executeINSERTQuery","decl":{"start":{"line":492,"column":15},"end":{"line":492,"column":33}},"loc":{"start":{"line":492,"column":41},"end":{"line":515,"column":1}},"line":492},"44":{"name":"(anonymous_44)","decl":{"start":{"line":499,"column":18},"end":{"line":499,"column":19}},"loc":{"start":{"line":499,"column":37},"end":{"line":506,"column":3}},"line":499},"45":{"name":"executeDELETEQuery","decl":{"start":{"line":522,"column":15},"end":{"line":522,"column":33}},"loc":{"start":{"line":522,"column":41},"end":{"line":534,"column":1}},"line":522},"46":{"name":"(anonymous_46)","decl":{"start":{"line":526,"column":23},"end":{"line":526,"column":24}},"loc":{"start":{"line":526,"column":32},"end":{"line":526,"column":69}},"line":526},"47":{"name":"executeUPDATEQuery","decl":{"start":{"line":541,"column":15},"end":{"line":541,"column":33}},"loc":{"start":{"line":541,"column":41},"end":{"line":557,"column":1}},"line":541},"48":{"name":"(anonymous_48)","decl":{"start":{"line":545,"column":18},"end":{"line":545,"column":19}},"loc":{"start":{"line":545,"column":27},"end":{"line":554,"column":3}},"line":545},"49":{"name":"(anonymous_49)","decl":{"start":{"line":549,"column":25},"end":{"line":549,"column":26}},"loc":{"start":{"line":549,"column":48},"end":{"line":551,"column":7}},"line":549}},"branchMap":{"0":{"loc":{"start":{"line":31,"column":12},"end":{"line":31,"column":73}},"type":"cond-expr","locations":[{"start":{"line":31,"column":34},"end":{"line":31,"column":52}},{"start":{"line":31,"column":55},"end":{"line":31,"column":73}}],"line":31},"1":{"loc":{"start":{"line":56,"column":4},"end":{"line":58,"column":5}},"type":"if","locations":[{"start":{"line":56,"column":4},"end":{"line":58,"column":5}},{"start":{},"end":{}}],"line":56},"2":{"loc":{"start":{"line":74,"column":9},"end":{"line":74,"column":59}},"type":"binary-expr","locations":[{"start":{"line":74,"column":9},"end":{"line":74,"column":41}},{"start":{"line":74,"column":45},"end":{"line":74,"column":59}}],"line":74},"3":{"loc":{"start":{"line":89,"column":4},"end":{"line":94,"column":10}},"type":"cond-expr","locations":[{"start":{"line":90,"column":8},"end":{"line":93,"column":14}},{"start":{"line":94,"column":8},"end":{"line":94,"column":10}}],"line":89},"4":{"loc":{"start":{"line":104,"column":25},"end":{"line":104,"column":62}},"type":"binary-expr","locations":[{"start":{"line":104,"column":25},"end":{"line":104,"column":37}},{"start":{"line":104,"column":41},"end":{"line":104,"column":62}}],"line":104},"5":{"loc":{"start":{"line":129,"column":2},"end":{"line":135,"column":3}},"type":"if","locations":[{"start":{"line":129,"column":2},"end":{"line":135,"column":3}},{"start":{},"end":{}}],"line":129},"6":{"loc":{"start":{"line":131,"column":16},"end":{"line":131,"column":29}},"type":"binary-expr","locations":[{"start":{"line":131,"column":16},"end":{"line":131,"column":23}},{"start":{"line":131,"column":27},"end":{"line":131,"column":29}}],"line":131},"7":{"loc":{"start":{"line":133,"column":31},"end":{"line":133,"column":60}},"type":"cond-expr","locations":[{"start":{"line":133,"column":41},"end":{"line":133,"column":53}},{"start":{"line":133,"column":56},"end":{"line":133,"column":60}}],"line":133},"8":{"loc":{"start":{"line":139,"column":35},"end":{"line":141,"column":22}},"type":"cond-expr","locations":[{"start":{"line":140,"column":8},"end":{"line":140,"column":24}},{"start":{"line":141,"column":8},"end":{"line":141,"column":22}}],"line":139},"9":{"loc":{"start":{"line":143,"column":6},"end":{"line":147,"column":16}},"type":"cond-expr","locations":[{"start":{"line":144,"column":10},"end":{"line":144,"column":28}},{"start":{"line":145,"column":10},"end":{"line":147,"column":16}}],"line":143},"10":{"loc":{"start":{"line":143,"column":6},"end":{"line":143,"column":36}},"type":"binary-expr","locations":[{"start":{"line":143,"column":6},"end":{"line":143,"column":25}},{"start":{"line":143,"column":29},"end":{"line":143,"column":36}}],"line":143},"11":{"loc":{"start":{"line":145,"column":10},"end":{"line":147,"column":16}},"type":"cond-expr","locations":[{"start":{"line":146,"column":12},"end":{"line":146,"column":30}},{"start":{"line":147,"column":12},"end":{"line":147,"column":16}}],"line":145},"12":{"loc":{"start":{"line":175,"column":2},"end":{"line":190,"column":3}},"type":"if","locations":[{"start":{"line":175,"column":2},"end":{"line":190,"column":3}},{"start":{},"end":{}}],"line":175},"13":{"loc":{"start":{"line":175,"column":6},"end":{"line":175,"column":32}},"type":"binary-expr","locations":[{"start":{"line":175,"column":6},"end":{"line":175,"column":15}},{"start":{"line":175,"column":19},"end":{"line":175,"column":32}}],"line":175},"14":{"loc":{"start":{"line":177,"column":4},"end":{"line":189,"column":5}},"type":"switch","locations":[{"start":{"line":178,"column":6},"end":{"line":180,"column":14}},{"start":{"line":181,"column":6},"end":{"line":183,"column":14}},{"start":{"line":184,"column":6},"end":{"line":186,"column":14}},{"start":{"line":187,"column":6},"end":{"line":188,"column":62}}],"line":177},"15":{"loc":{"start":{"line":193,"column":4},"end":{"line":195,"column":12}},"type":"cond-expr","locations":[{"start":{"line":194,"column":8},"end":{"line":194,"column":66}},{"start":{"line":195,"column":8},"end":{"line":195,"column":12}}],"line":193},"16":{"loc":{"start":{"line":201,"column":2},"end":{"line":309,"column":3}},"type":"if","locations":[{"start":{"line":201,"column":2},"end":{"line":309,"column":3}},{"start":{"line":245,"column":9},"end":{"line":309,"column":3}}],"line":201},"17":{"loc":{"start":{"line":209,"column":6},"end":{"line":240,"column":7}},"type":"if","locations":[{"start":{"line":209,"column":6},"end":{"line":240,"column":7}},{"start":{},"end":{}}],"line":209},"18":{"loc":{"start":{"line":211,"column":8},"end":{"line":239,"column":9}},"type":"switch","locations":[{"start":{"line":212,"column":10},"end":{"line":214,"column":18}},{"start":{"line":215,"column":10},"end":{"line":220,"column":18}},{"start":{"line":221,"column":10},"end":{"line":227,"column":18}},{"start":{"line":228,"column":10},"end":{"line":232,"column":18}},{"start":{"line":233,"column":10},"end":{"line":237,"column":18}}],"line":211},"19":{"loc":{"start":{"line":245,"column":9},"end":{"line":309,"column":3}},"type":"if","locations":[{"start":{"line":245,"column":9},"end":{"line":309,"column":3}},{"start":{"line":274,"column":9},"end":{"line":309,"column":3}}],"line":245},"20":{"loc":{"start":{"line":248,"column":4},"end":{"line":261,"column":5}},"type":"if","locations":[{"start":{"line":248,"column":4},"end":{"line":261,"column":5}},{"start":{},"end":{}}],"line":248},"21":{"loc":{"start":{"line":251,"column":10},"end":{"line":257,"column":11}},"type":"if","locations":[{"start":{"line":251,"column":10},"end":{"line":257,"column":11}},{"start":{"line":254,"column":17},"end":{"line":257,"column":11}}],"line":251},"22":{"loc":{"start":{"line":252,"column":12},"end":{"line":252,"column":55}},"type":"if","locations":[{"start":{"line":252,"column":12},"end":{"line":252,"column":55}},{"start":{},"end":{}}],"line":252},"23":{"loc":{"start":{"line":253,"column":12},"end":{"line":253,"column":54}},"type":"if","locations":[{"start":{"line":253,"column":12},"end":{"line":253,"column":54}},{"start":{},"end":{}}],"line":253},"24":{"loc":{"start":{"line":254,"column":17},"end":{"line":257,"column":11}},"type":"if","locations":[{"start":{"line":254,"column":17},"end":{"line":257,"column":11}},{"start":{},"end":{}}],"line":254},"25":{"loc":{"start":{"line":255,"column":12},"end":{"line":255,"column":54}},"type":"if","locations":[{"start":{"line":255,"column":12},"end":{"line":255,"column":54}},{"start":{},"end":{}}],"line":255},"26":{"loc":{"start":{"line":256,"column":12},"end":{"line":256,"column":55}},"type":"if","locations":[{"start":{"line":256,"column":12},"end":{"line":256,"column":55}},{"start":{},"end":{}}],"line":256},"27":{"loc":{"start":{"line":262,"column":4},"end":{"line":271,"column":5}},"type":"if","locations":[{"start":{"line":262,"column":4},"end":{"line":271,"column":5}},{"start":{},"end":{}}],"line":262},"28":{"loc":{"start":{"line":272,"column":4},"end":{"line":272,"column":68}},"type":"if","locations":[{"start":{"line":272,"column":4},"end":{"line":272,"column":68}},{"start":{},"end":{}}],"line":272},"29":{"loc":{"start":{"line":277,"column":4},"end":{"line":285,"column":5}},"type":"if","locations":[{"start":{"line":277,"column":4},"end":{"line":285,"column":5}},{"start":{},"end":{}}],"line":277},"30":{"loc":{"start":{"line":280,"column":10},"end":{"line":280,"column":75}},"type":"if","locations":[{"start":{"line":280,"column":10},"end":{"line":280,"column":75}},{"start":{},"end":{}}],"line":280},"31":{"loc":{"start":{"line":280,"column":50},"end":{"line":280,"column":74}},"type":"cond-expr","locations":[{"start":{"line":280,"column":68},"end":{"line":280,"column":70}},{"start":{"line":280,"column":73},"end":{"line":280,"column":74}}],"line":280},"32":{"loc":{"start":{"line":281,"column":10},"end":{"line":281,"column":75}},"type":"if","locations":[{"start":{"line":281,"column":10},"end":{"line":281,"column":75}},{"start":{},"end":{}}],"line":281},"33":{"loc":{"start":{"line":281,"column":50},"end":{"line":281,"column":74}},"type":"cond-expr","locations":[{"start":{"line":281,"column":68},"end":{"line":281,"column":69}},{"start":{"line":281,"column":72},"end":{"line":281,"column":74}}],"line":281},"34":{"loc":{"start":{"line":286,"column":4},"end":{"line":286,"column":72}},"type":"if","locations":[{"start":{"line":286,"column":4},"end":{"line":286,"column":72}},{"start":{},"end":{}}],"line":286},"35":{"loc":{"start":{"line":287,"column":4},"end":{"line":296,"column":5}},"type":"if","locations":[{"start":{"line":287,"column":4},"end":{"line":296,"column":5}},{"start":{},"end":{}}],"line":287},"36":{"loc":{"start":{"line":299,"column":8},"end":{"line":302,"column":9}},"type":"if","locations":[{"start":{"line":299,"column":8},"end":{"line":302,"column":9}},{"start":{},"end":{}}],"line":299},"37":{"loc":{"start":{"line":299,"column":12},"end":{"line":299,"column":52}},"type":"binary-expr","locations":[{"start":{"line":299,"column":12},"end":{"line":299,"column":31}},{"start":{"line":299,"column":35},"end":{"line":299,"column":52}}],"line":299},"38":{"loc":{"start":{"line":319,"column":2},"end":{"line":319,"column":25}},"type":"if","locations":[{"start":{"line":319,"column":2},"end":{"line":319,"column":25}},{"start":{},"end":{}}],"line":319},"39":{"loc":{"start":{"line":320,"column":2},"end":{"line":330,"column":3}},"type":"if","locations":[{"start":{"line":320,"column":2},"end":{"line":330,"column":3}},{"start":{"line":322,"column":9},"end":{"line":330,"column":3}}],"line":320},"40":{"loc":{"start":{"line":322,"column":9},"end":{"line":330,"column":3}},"type":"if","locations":[{"start":{"line":322,"column":9},"end":{"line":330,"column":3}},{"start":{"line":326,"column":9},"end":{"line":330,"column":3}}],"line":322},"41":{"loc":{"start":{"line":324,"column":6},"end":{"line":324,"column":77}},"type":"binary-expr","locations":[{"start":{"line":324,"column":6},"end":{"line":324,"column":39}},{"start":{"line":324,"column":43},"end":{"line":324,"column":77}}],"line":324},"42":{"loc":{"start":{"line":326,"column":9},"end":{"line":330,"column":3}},"type":"if","locations":[{"start":{"line":326,"column":9},"end":{"line":330,"column":3}},{"start":{},"end":{}}],"line":326},"43":{"loc":{"start":{"line":328,"column":6},"end":{"line":328,"column":77}},"type":"binary-expr","locations":[{"start":{"line":328,"column":6},"end":{"line":328,"column":39}},{"start":{"line":328,"column":43},"end":{"line":328,"column":77}}],"line":328},"44":{"loc":{"start":{"line":344,"column":2},"end":{"line":346,"column":3}},"type":"if","locations":[{"start":{"line":344,"column":2},"end":{"line":346,"column":3}},{"start":{},"end":{}}],"line":344},"45":{"loc":{"start":{"line":348,"column":2},"end":{"line":352,"column":3}},"type":"if","locations":[{"start":{"line":348,"column":2},"end":{"line":352,"column":3}},{"start":{},"end":{}}],"line":348},"46":{"loc":{"start":{"line":357,"column":2},"end":{"line":372,"column":3}},"type":"switch","locations":[{"start":{"line":358,"column":4},"end":{"line":359,"column":41}},{"start":{"line":360,"column":4},"end":{"line":361,"column":41}},{"start":{"line":362,"column":4},"end":{"line":363,"column":39}},{"start":{"line":364,"column":4},"end":{"line":365,"column":39}},{"start":{"line":366,"column":4},"end":{"line":367,"column":40}},{"start":{"line":368,"column":4},"end":{"line":369,"column":40}},{"start":{"line":370,"column":4},"end":{"line":371,"column":59}}],"line":357},"47":{"loc":{"start":{"line":382,"column":2},"end":{"line":384,"column":3}},"type":"if","locations":[{"start":{"line":382,"column":2},"end":{"line":384,"column":3}},{"start":{},"end":{}}],"line":382},"48":{"loc":{"start":{"line":382,"column":6},"end":{"line":382,"column":43}},"type":"binary-expr","locations":[{"start":{"line":382,"column":6},"end":{"line":382,"column":20}},{"start":{"line":382,"column":24},"end":{"line":382,"column":43}}],"line":382},"49":{"loc":{"start":{"line":387,"column":2},"end":{"line":393,"column":3}},"type":"if","locations":[{"start":{"line":387,"column":2},"end":{"line":393,"column":3}},{"start":{},"end":{}}],"line":387},"50":{"loc":{"start":{"line":388,"column":4},"end":{"line":390,"column":53}},"type":"binary-expr","locations":[{"start":{"line":388,"column":4},"end":{"line":388,"column":29}},{"start":{"line":389,"column":6},"end":{"line":389,"column":27}},{"start":{"line":389,"column":31},"end":{"line":389,"column":50}},{"start":{"line":390,"column":7},"end":{"line":390,"column":28}},{"start":{"line":390,"column":32},"end":{"line":390,"column":51}}],"line":388},"51":{"loc":{"start":{"line":396,"column":2},"end":{"line":398,"column":3}},"type":"if","locations":[{"start":{"line":396,"column":2},"end":{"line":398,"column":3}},{"start":{},"end":{}}],"line":396},"52":{"loc":{"start":{"line":396,"column":6},"end":{"line":396,"column":42}},"type":"binary-expr","locations":[{"start":{"line":396,"column":6},"end":{"line":396,"column":19}},{"start":{"line":396,"column":23},"end":{"line":396,"column":42}}],"line":396},"53":{"loc":{"start":{"line":418,"column":4},"end":{"line":423,"column":5}},"type":"if","locations":[{"start":{"line":418,"column":4},"end":{"line":423,"column":5}},{"start":{},"end":{}}],"line":418},"54":{"loc":{"start":{"line":429,"column":6},"end":{"line":452,"column":7}},"type":"if","locations":[{"start":{"line":429,"column":6},"end":{"line":452,"column":7}},{"start":{},"end":{}}],"line":429},"55":{"loc":{"start":{"line":433,"column":8},"end":{"line":451,"column":9}},"type":"switch","locations":[{"start":{"line":434,"column":10},"end":{"line":437,"column":18}},{"start":{"line":438,"column":10},"end":{"line":443,"column":18}},{"start":{"line":444,"column":10},"end":{"line":449,"column":18}}],"line":433},"56":{"loc":{"start":{"line":436,"column":15},"end":{"line":436,"column":57}},"type":"binary-expr","locations":[{"start":{"line":436,"column":15},"end":{"line":436,"column":52}},{"start":{"line":436,"column":56},"end":{"line":436,"column":57}}],"line":436},"57":{"loc":{"start":{"line":440,"column":14},"end":{"line":440,"column":60}},"type":"binary-expr","locations":[{"start":{"line":440,"column":14},"end":{"line":440,"column":51}},{"start":{"line":440,"column":55},"end":{"line":440,"column":60}}],"line":440},"58":{"loc":{"start":{"line":446,"column":14},"end":{"line":446,"column":61}},"type":"binary-expr","locations":[{"start":{"line":446,"column":14},"end":{"line":446,"column":52}},{"start":{"line":446,"column":56},"end":{"line":446,"column":61}}],"line":446},"59":{"loc":{"start":{"line":463,"column":6},"end":{"line":480,"column":7}},"type":"if","locations":[{"start":{"line":463,"column":6},"end":{"line":480,"column":7}},{"start":{},"end":{}}],"line":463},"60":{"loc":{"start":{"line":465,"column":8},"end":{"line":479,"column":9}},"type":"switch","locations":[{"start":{"line":466,"column":10},"end":{"line":468,"column":18}},{"start":{"line":469,"column":10},"end":{"line":471,"column":18}},{"start":{"line":472,"column":10},"end":{"line":474,"column":18}},{"start":{"line":475,"column":10},"end":{"line":477,"column":18}}],"line":465},"61":{"loc":{"start":{"line":502,"column":4},"end":{"line":504,"column":5}},"type":"if","locations":[{"start":{"line":502,"column":4},"end":{"line":504,"column":5}},{"start":{},"end":{}}],"line":502},"62":{"loc":{"start":{"line":502,"column":8},"end":{"line":502,"column":52}},"type":"binary-expr","locations":[{"start":{"line":502,"column":8},"end":{"line":502,"column":29}},{"start":{"line":502,"column":33},"end":{"line":502,"column":52}}],"line":502},"63":{"loc":{"start":{"line":525,"column":2},"end":{"line":530,"column":3}},"type":"if","locations":[{"start":{"line":525,"column":2},"end":{"line":530,"column":3}},{"start":{"line":528,"column":9},"end":{"line":530,"column":3}}],"line":525},"64":{"loc":{"start":{"line":547,"column":4},"end":{"line":552,"column":5}},"type":"if","locations":[{"start":{"line":547,"column":4},"end":{"line":552,"column":5}},{"start":{},"end":{}}],"line":547}},"s":{"0":24,"1":24,"2":33,"3":198,"4":990,"5":990,"6":990,"7":165,"8":360,"9":360,"10":360,"11":35,"12":210,"13":1050,"14":1050,"15":1050,"16":210,"17":70,"18":140,"19":175,"20":3156,"21":3156,"22":44,"23":308,"24":308,"25":44,"26":220,"27":528,"28":528,"29":528,"30":220,"31":220,"32":465,"33":465,"34":465,"35":3255,"36":3255,"37":465,"38":930,"39":930,"40":465,"41":460,"42":310,"43":310,"44":112,"45":112,"46":33,"47":33,"48":35,"49":35,"50":44,"51":44,"52":0,"53":310,"54":1149,"55":174,"56":174,"57":0,"58":0,"59":0,"60":0,"61":0,"62":0,"63":0,"64":0,"65":0,"66":0,"67":0,"68":0,"69":0,"70":0,"71":0,"72":0,"73":0,"74":0,"75":0,"76":0,"77":0,"78":174,"79":0,"80":0,"81":0,"82":0,"83":0,"84":0,"85":0,"86":0,"87":0,"88":0,"89":0,"90":0,"91":0,"92":0,"93":0,"94":0,"95":0,"96":0,"97":0,"98":0,"99":0,"100":0,"101":0,"102":174,"103":174,"104":16,"105":12,"106":12,"107":0,"108":12,"109":12,"110":0,"111":174,"112":6,"113":174,"114":13,"115":26,"116":26,"117":174,"118":236,"119":0,"120":236,"121":236,"122":324,"123":236,"124":1305,"125":0,"126":1305,"127":1024,"128":281,"129":145,"130":136,"131":0,"132":136,"133":1024,"134":1024,"135":0,"136":1024,"137":180,"138":180,"139":844,"140":844,"141":844,"142":419,"143":84,"144":286,"145":55,"146":0,"147":0,"148":0,"149":1688,"150":22,"151":1666,"152":222,"153":1666,"154":1314,"155":352,"156":0,"157":0,"158":0,"159":0,"160":0,"161":0,"162":0,"163":0,"164":0,"165":0,"166":0,"167":0,"168":0,"169":0,"170":0,"171":0,"172":0,"173":0,"174":0,"175":0,"176":0,"177":0,"178":0,"179":0,"180":0,"181":0,"182":0,"183":0,"184":0,"185":0,"186":0,"187":0,"188":0,"189":0,"190":0,"191":0,"192":0,"193":0,"194":0,"195":4,"196":4,"197":4,"198":3,"199":3,"200":9,"201":9,"202":0,"203":9,"204":3,"205":3,"206":3,"207":3,"208":3,"209":3,"210":0,"211":0,"212":3,"213":3,"214":0,"215":0,"216":0,"217":0,"218":0,"219":0,"220":0,"221":0,"222":0,"223":0,"224":0,"225":0,"226":0,"227":24},"f":{"0":33,"1":198,"2":990,"3":165,"4":360,"5":35,"6":210,"7":1050,"8":175,"9":3156,"10":44,"11":308,"12":220,"13":528,"14":465,"15":3255,"16":930,"17":460,"18":1149,"19":0,"20":0,"21":0,"22":0,"23":0,"24":0,"25":0,"26":0,"27":12,"28":26,"29":26,"30":236,"31":324,"32":1305,"33":1024,"34":1688,"35":0,"36":0,"37":0,"38":0,"39":0,"40":0,"41":0,"42":0,"43":4,"44":9,"45":3,"46":0,"47":0,"48":0,"49":0},"b":{"0":[230,130],"1":[70,140],"2":[3156,3156],"3":[44,0],"4":[220,0],"5":[465,0],"6":[465,0],"7":[3255,0],"8":[930,0],"9":[465,465],"10":[930,465],"11":[395,70],"12":[112,198],"13":[310,112],"14":[33,35,44,0],"15":[310,0],"16":[0,174],"17":[0,0],"18":[0,0,0,0,0],"19":[0,174],"20":[0,0],"21":[0,0],"22":[0,0],"23":[0,0],"24":[0,0],"25":[0,0],"26":[0,0],"27":[0,0],"28":[0,0],"29":[16,158],"30":[0,12],"31":[0,0],"32":[12,0],"33":[12,0],"34":[6,168],"35":[13,161],"36":[0,236],"37":[236,148],"38":[0,1305],"39":[1024,281],"40":[145,136],"41":[145,11],"42":[0,136],"43":[0,0],"44":[0,1024],"45":[180,844],"46":[419,84,286,55,0,0,0],"47":[22,1666],"48":[1688,1666],"49":[222,1444],"50":[1666,1666,187,1479,35],"51":[1314,352],"52":[1666,1314],"53":[0,0],"54":[0,0],"55":[0,0,0],"56":[0,0],"57":[0,0],"58":[0,0],"59":[0,0],"60":[0,0,0,0],"61":[0,9],"62":[9,0],"63":[0,3],"64":[0,0]},"_coverageSchema":"1a1c01bbd47fc00a2c39e90264f33305004495a9","hash":"5fe45feb2e384a4602ef5f6865c4920e4c57dba9"}
,"C:\\Users\\hiihi\\Desktop\\queriqueen\\Query-Master\\src\\queryParser.js": {"path":"C:\\Users\\hiihi\\Desktop\\queriqueen\\Query-Master\\src\\queryParser.js","statementMap":{"0":{"start":{"line":1,"column":35},"end":{"line":1,"column":56}},"1":{"start":{"line":2,"column":23},"end":{"line":2,"column":42}},"2":{"start":{"line":11,"column":2},"end":{"line":11,"column":26}},"3":{"start":{"line":13,"column":2},"end":{"line":13,"column":41}},"4":{"start":{"line":15,"column":21},"end":{"line":15,"column":38}},"5":{"start":{"line":16,"column":21},"end":{"line":16,"column":44}},"6":{"start":{"line":18,"column":14},"end":{"line":18,"column":18}},"7":{"start":{"line":19,"column":2},"end":{"line":21,"column":3}},"8":{"start":{"line":20,"column":4},"end":{"line":20,"column":36}},"9":{"start":{"line":22,"column":2},"end":{"line":22,"column":40}},"10":{"start":{"line":24,"column":23},"end":{"line":24,"column":42}},"11":{"start":{"line":25,"column":23},"end":{"line":25,"column":48}},"12":{"start":{"line":26,"column":22},"end":{"line":26,"column":26}},"13":{"start":{"line":27,"column":2},"end":{"line":32,"column":3}},"14":{"start":{"line":28,"column":4},"end":{"line":31,"column":7}},"15":{"start":{"line":29,"column":33},"end":{"line":29,"column":58}},"16":{"start":{"line":30,"column":6},"end":{"line":30,"column":71}},"17":{"start":{"line":33,"column":2},"end":{"line":33,"column":42}},"18":{"start":{"line":35,"column":23},"end":{"line":35,"column":51}},"19":{"start":{"line":36,"column":30},"end":{"line":36,"column":45}},"20":{"start":{"line":38,"column":4},"end":{"line":43,"column":12}},"21":{"start":{"line":42,"column":26},"end":{"line":42,"column":38}},"22":{"start":{"line":45,"column":21},"end":{"line":45,"column":60}},"23":{"start":{"line":46,"column":28},"end":{"line":46,"column":41}},"24":{"start":{"line":47,"column":22},"end":{"line":47,"column":73}},"25":{"start":{"line":49,"column":20},"end":{"line":49,"column":75}},"26":{"start":{"line":50,"column":19},"end":{"line":50,"column":38}},"27":{"start":{"line":52,"column":19},"end":{"line":52,"column":24}},"28":{"start":{"line":53,"column":2},"end":{"line":56,"column":3}},"29":{"start":{"line":54,"column":4},"end":{"line":54,"column":22}},"30":{"start":{"line":55,"column":4},"end":{"line":55,"column":65}},"31":{"start":{"line":58,"column":22},"end":{"line":58,"column":51}},"32":{"start":{"line":59,"column":22},"end":{"line":59,"column":51}},"33":{"start":{"line":61,"column":2},"end":{"line":66,"column":3}},"34":{"start":{"line":62,"column":4},"end":{"line":65,"column":6}},"35":{"start":{"line":67,"column":28},"end":{"line":67,"column":39}},"36":{"start":{"line":70,"column":2},"end":{"line":70,"column":37}},"37":{"start":{"line":73,"column":20},"end":{"line":73,"column":58}},"38":{"start":{"line":73,"column":49},"end":{"line":73,"column":57}},"39":{"start":{"line":74,"column":2},"end":{"line":78,"column":3}},"40":{"start":{"line":75,"column":4},"end":{"line":77,"column":5}},"41":{"start":{"line":76,"column":6},"end":{"line":76,"column":34}},"42":{"start":{"line":80,"column":19},"end":{"line":80,"column":53}},"43":{"start":{"line":81,"column":49},"end":{"line":81,"column":57}},"44":{"start":{"line":83,"column":21},"end":{"line":83,"column":23}},"45":{"start":{"line":84,"column":2},"end":{"line":86,"column":3}},"46":{"start":{"line":85,"column":4},"end":{"line":85,"column":49}},"47":{"start":{"line":89,"column":4},"end":{"line":89,"column":71}},"48":{"start":{"line":91,"column":4},"end":{"line":91,"column":56}},"49":{"start":{"line":93,"column":2},"end":{"line":105,"column":4}},"50":{"start":{"line":115,"column":17},"end":{"line":115,"column":19}},"51":{"start":{"line":117,"column":4},"end":{"line":117,"column":79}},"52":{"start":{"line":119,"column":2},"end":{"line":121,"column":3}},"53":{"start":{"line":120,"column":4},"end":{"line":120,"column":33}},"54":{"start":{"line":126,"column":6},"end":{"line":134,"column":7}},"55":{"start":{"line":127,"column":33},"end":{"line":127,"column":57}},"56":{"start":{"line":128,"column":8},"end":{"line":133,"column":10}},"57":{"start":{"line":135,"column":24},"end":{"line":135,"column":64}},"58":{"start":{"line":136,"column":6},"end":{"line":144,"column":7}},"59":{"start":{"line":137,"column":37},"end":{"line":137,"column":46}},"60":{"start":{"line":138,"column":8},"end":{"line":143,"column":10}},"61":{"start":{"line":145,"column":6},"end":{"line":145,"column":53}},"62":{"start":{"line":147,"column":17},"end":{"line":147,"column":21}},"63":{"start":{"line":148,"column":4},"end":{"line":169,"column":5}},"64":{"start":{"line":149,"column":18},"end":{"line":149,"column":31}},"65":{"start":{"line":150,"column":6},"end":{"line":168,"column":7}},"66":{"start":{"line":151,"column":32},"end":{"line":151,"column":58}},"67":{"start":{"line":152,"column":8},"end":{"line":153,"column":68}},"68":{"start":{"line":152,"column":21},"end":{"line":152,"column":35}},"69":{"start":{"line":153,"column":13},"end":{"line":153,"column":68}},"70":{"start":{"line":154,"column":8},"end":{"line":154,"column":24}},"71":{"start":{"line":155,"column":13},"end":{"line":168,"column":7}},"72":{"start":{"line":156,"column":8},"end":{"line":156,"column":35}},"73":{"start":{"line":157,"column":13},"end":{"line":168,"column":7}},"74":{"start":{"line":161,"column":8},"end":{"line":161,"column":39}},"75":{"start":{"line":162,"column":8},"end":{"line":162,"column":16}},"76":{"start":{"line":164,"column":21},"end":{"line":164,"column":42}},"77":{"start":{"line":165,"column":8},"end":{"line":166,"column":68}},"78":{"start":{"line":165,"column":21},"end":{"line":165,"column":35}},"79":{"start":{"line":166,"column":13},"end":{"line":166,"column":68}},"80":{"start":{"line":167,"column":8},"end":{"line":167,"column":16}},"81":{"start":{"line":170,"column":4},"end":{"line":170,"column":27}},"82":{"start":{"line":172,"column":17},"end":{"line":172,"column":34}},"83":{"start":{"line":173,"column":2},"end":{"line":173,"column":14}},"84":{"start":{"line":183,"column":4},"end":{"line":183,"column":68}},"85":{"start":{"line":184,"column":20},"end":{"line":184,"column":42}},"86":{"start":{"line":186,"column":2},"end":{"line":195,"column":3}},"87":{"start":{"line":187,"column":4},"end":{"line":194,"column":6}},"88":{"start":{"line":197,"column":2},"end":{"line":201,"column":4}},"89":{"start":{"line":210,"column":2},"end":{"line":210,"column":26}},"90":{"start":{"line":211,"column":2},"end":{"line":211,"column":34}},"91":{"start":{"line":213,"column":22},"end":{"line":213,"column":70}},"92":{"start":{"line":214,"column":16},"end":{"line":214,"column":40}},"93":{"start":{"line":216,"column":2},"end":{"line":218,"column":3}},"94":{"start":{"line":217,"column":4},"end":{"line":217,"column":124}},"95":{"start":{"line":220,"column":37},"end":{"line":220,"column":42}},"96":{"start":{"line":223,"column":2},"end":{"line":223,"column":37}},"97":{"start":{"line":226,"column":21},"end":{"line":226,"column":64}},"98":{"start":{"line":226,"column":53},"end":{"line":226,"column":63}},"99":{"start":{"line":227,"column":2},"end":{"line":229,"column":3}},"100":{"start":{"line":228,"column":4},"end":{"line":228,"column":30}},"101":{"start":{"line":232,"column":20},"end":{"line":232,"column":73}},"102":{"start":{"line":232,"column":51},"end":{"line":232,"column":72}},"103":{"start":{"line":233,"column":2},"end":{"line":235,"column":3}},"104":{"start":{"line":234,"column":4},"end":{"line":234,"column":26}},"105":{"start":{"line":237,"column":2},"end":{"line":242,"column":4}},"106":{"start":{"line":251,"column":2},"end":{"line":251,"column":26}},"107":{"start":{"line":252,"column":2},"end":{"line":252,"column":34}},"108":{"start":{"line":254,"column":22},"end":{"line":254,"column":56}},"109":{"start":{"line":255,"column":16},"end":{"line":255,"column":40}},"110":{"start":{"line":256,"column":2},"end":{"line":258,"column":3}},"111":{"start":{"line":257,"column":4},"end":{"line":257,"column":104}},"112":{"start":{"line":260,"column":35},"end":{"line":260,"column":40}},"113":{"start":{"line":263,"column":2},"end":{"line":263,"column":37}},"114":{"start":{"line":265,"column":21},"end":{"line":265,"column":23}},"115":{"start":{"line":266,"column":2},"end":{"line":268,"column":3}},"116":{"start":{"line":267,"column":4},"end":{"line":267,"column":49}},"117":{"start":{"line":270,"column":2},"end":{"line":274,"column":4}},"118":{"start":{"line":283,"column":2},"end":{"line":283,"column":26}},"119":{"start":{"line":284,"column":2},"end":{"line":284,"column":34}},"120":{"start":{"line":287,"column":22},"end":{"line":287,"column":74}},"121":{"start":{"line":288,"column":16},"end":{"line":288,"column":40}},"122":{"start":{"line":289,"column":2},"end":{"line":291,"column":3}},"123":{"start":{"line":290,"column":4},"end":{"line":290,"column":111}},"124":{"start":{"line":293,"column":44},"end":{"line":293,"column":49}},"125":{"start":{"line":296,"column":2},"end":{"line":296,"column":37}},"126":{"start":{"line":299,"column":21},"end":{"line":304,"column":4}},"127":{"start":{"line":300,"column":28},"end":{"line":300,"column":64}},"128":{"start":{"line":300,"column":55},"end":{"line":300,"column":63}},"129":{"start":{"line":301,"column":4},"end":{"line":301,"column":33}},"130":{"start":{"line":302,"column":4},"end":{"line":302,"column":28}},"131":{"start":{"line":303,"column":4},"end":{"line":303,"column":54}},"132":{"start":{"line":307,"column":21},"end":{"line":307,"column":23}},"133":{"start":{"line":308,"column":2},"end":{"line":310,"column":3}},"134":{"start":{"line":309,"column":4},"end":{"line":309,"column":49}},"135":{"start":{"line":312,"column":2},"end":{"line":317,"column":4}},"136":{"start":{"line":321,"column":0},"end":{"line":327,"column":2}}},"fnMap":{"0":{"name":"parseSelectQuery","decl":{"start":{"line":9,"column":9},"end":{"line":9,"column":25}},"loc":{"start":{"line":9,"column":33},"end":{"line":106,"column":1}},"line":9},"1":{"name":"(anonymous_1)","decl":{"start":{"line":28,"column":51},"end":{"line":28,"column":52}},"loc":{"start":{"line":28,"column":62},"end":{"line":31,"column":5}},"line":28},"2":{"name":"(anonymous_2)","decl":{"start":{"line":42,"column":15},"end":{"line":42,"column":16}},"loc":{"start":{"line":42,"column":26},"end":{"line":42,"column":38}},"line":42},"3":{"name":"(anonymous_3)","decl":{"start":{"line":73,"column":42},"end":{"line":73,"column":43}},"loc":{"start":{"line":73,"column":49},"end":{"line":73,"column":57}},"line":73},"4":{"name":"parseWhereClause","decl":{"start":{"line":113,"column":9},"end":{"line":113,"column":25}},"loc":{"start":{"line":113,"column":39},"end":{"line":174,"column":1}},"line":113},"5":{"name":"parseExpression","decl":{"start":{"line":123,"column":11},"end":{"line":123,"column":26}},"loc":{"start":{"line":123,"column":38},"end":{"line":171,"column":3}},"line":123},"6":{"name":"parseCondition","decl":{"start":{"line":125,"column":13},"end":{"line":125,"column":27}},"loc":{"start":{"line":125,"column":35},"end":{"line":146,"column":5}},"line":125},"7":{"name":"parseJoinClause","decl":{"start":{"line":181,"column":9},"end":{"line":181,"column":24}},"loc":{"start":{"line":181,"column":32},"end":{"line":202,"column":1}},"line":181},"8":{"name":"parseInsertQuery","decl":{"start":{"line":209,"column":9},"end":{"line":209,"column":25}},"loc":{"start":{"line":209,"column":33},"end":{"line":243,"column":1}},"line":209},"9":{"name":"(anonymous_9)","decl":{"start":{"line":226,"column":44},"end":{"line":226,"column":45}},"loc":{"start":{"line":226,"column":53},"end":{"line":226,"column":63}},"line":226},"10":{"name":"(anonymous_10)","decl":{"start":{"line":232,"column":42},"end":{"line":232,"column":43}},"loc":{"start":{"line":232,"column":51},"end":{"line":232,"column":72}},"line":232},"11":{"name":"parseDeleteQuery","decl":{"start":{"line":250,"column":9},"end":{"line":250,"column":25}},"loc":{"start":{"line":250,"column":33},"end":{"line":275,"column":1}},"line":250},"12":{"name":"parseUpdateQuery","decl":{"start":{"line":282,"column":9},"end":{"line":282,"column":25}},"loc":{"start":{"line":282,"column":33},"end":{"line":318,"column":1}},"line":282},"13":{"name":"(anonymous_13)","decl":{"start":{"line":299,"column":46},"end":{"line":299,"column":47}},"loc":{"start":{"line":299,"column":56},"end":{"line":304,"column":3}},"line":299},"14":{"name":"(anonymous_14)","decl":{"start":{"line":300,"column":48},"end":{"line":300,"column":49}},"loc":{"start":{"line":300,"column":55},"end":{"line":300,"column":63}},"line":300}},"branchMap":{"0":{"loc":{"start":{"line":19,"column":2},"end":{"line":21,"column":3}},"type":"if","locations":[{"start":{"line":19,"column":2},"end":{"line":21,"column":3}},{"start":{},"end":{}}],"line":19},"1":{"loc":{"start":{"line":27,"column":2},"end":{"line":32,"column":3}},"type":"if","locations":[{"start":{"line":27,"column":2},"end":{"line":32,"column":3}},{"start":{},"end":{}}],"line":27},"2":{"loc":{"start":{"line":30,"column":33},"end":{"line":30,"column":68}},"type":"cond-expr","locations":[{"start":{"line":30,"column":41},"end":{"line":30,"column":60}},{"start":{"line":30,"column":63},"end":{"line":30,"column":68}}],"line":30},"3":{"loc":{"start":{"line":38,"column":4},"end":{"line":43,"column":12}},"type":"cond-expr","locations":[{"start":{"line":39,"column":8},"end":{"line":42,"column":39}},{"start":{"line":43,"column":8},"end":{"line":43,"column":12}}],"line":38},"4":{"loc":{"start":{"line":47,"column":22},"end":{"line":47,"column":73}},"type":"cond-expr","locations":[{"start":{"line":47,"column":46},"end":{"line":47,"column":66}},{"start":{"line":47,"column":69},"end":{"line":47,"column":73}}],"line":47},"5":{"loc":{"start":{"line":53,"column":2},"end":{"line":56,"column":3}},"type":"if","locations":[{"start":{"line":53,"column":2},"end":{"line":56,"column":3}},{"start":{},"end":{}}],"line":53},"6":{"loc":{"start":{"line":61,"column":2},"end":{"line":66,"column":3}},"type":"if","locations":[{"start":{"line":61,"column":2},"end":{"line":66,"column":3}},{"start":{},"end":{}}],"line":61},"7":{"loc":{"start":{"line":75,"column":4},"end":{"line":77,"column":5}},"type":"if","locations":[{"start":{"line":75,"column":4},"end":{"line":77,"column":5}},{"start":{},"end":{}}],"line":75},"8":{"loc":{"start":{"line":84,"column":2},"end":{"line":86,"column":3}},"type":"if","locations":[{"start":{"line":84,"column":2},"end":{"line":86,"column":3}},{"start":{},"end":{}}],"line":84},"9":{"loc":{"start":{"line":91,"column":4},"end":{"line":91,"column":56}},"type":"binary-expr","locations":[{"start":{"line":91,"column":4},"end":{"line":91,"column":38}},{"start":{"line":91,"column":42},"end":{"line":91,"column":56}}],"line":91},"10":{"loc":{"start":{"line":123,"column":27},"end":{"line":123,"column":36}},"type":"default-arg","locations":[{"start":{"line":123,"column":35},"end":{"line":123,"column":36}}],"line":123},"11":{"loc":{"start":{"line":126,"column":6},"end":{"line":134,"column":7}},"type":"if","locations":[{"start":{"line":126,"column":6},"end":{"line":134,"column":7}},{"start":{},"end":{}}],"line":126},"12":{"loc":{"start":{"line":136,"column":6},"end":{"line":144,"column":7}},"type":"if","locations":[{"start":{"line":136,"column":6},"end":{"line":144,"column":7}},{"start":{},"end":{}}],"line":136},"13":{"loc":{"start":{"line":150,"column":6},"end":{"line":168,"column":7}},"type":"if","locations":[{"start":{"line":150,"column":6},"end":{"line":168,"column":7}},{"start":{"line":155,"column":13},"end":{"line":168,"column":7}}],"line":150},"14":{"loc":{"start":{"line":152,"column":8},"end":{"line":153,"column":68}},"type":"if","locations":[{"start":{"line":152,"column":8},"end":{"line":153,"column":68}},{"start":{"line":153,"column":13},"end":{"line":153,"column":68}}],"line":152},"15":{"loc":{"start":{"line":155,"column":13},"end":{"line":168,"column":7}},"type":"if","locations":[{"start":{"line":155,"column":13},"end":{"line":168,"column":7}},{"start":{"line":157,"column":13},"end":{"line":168,"column":7}}],"line":155},"16":{"loc":{"start":{"line":157,"column":13},"end":{"line":168,"column":7}},"type":"if","locations":[{"start":{"line":157,"column":13},"end":{"line":168,"column":7}},{"start":{"line":163,"column":13},"end":{"line":168,"column":7}}],"line":157},"17":{"loc":{"start":{"line":158,"column":8},"end":{"line":159,"column":36}},"type":"binary-expr","locations":[{"start":{"line":158,"column":8},"end":{"line":158,"column":37}},{"start":{"line":159,"column":8},"end":{"line":159,"column":36}}],"line":158},"18":{"loc":{"start":{"line":165,"column":8},"end":{"line":166,"column":68}},"type":"if","locations":[{"start":{"line":165,"column":8},"end":{"line":166,"column":68}},{"start":{"line":166,"column":13},"end":{"line":166,"column":68}}],"line":165},"19":{"loc":{"start":{"line":186,"column":2},"end":{"line":195,"column":3}},"type":"if","locations":[{"start":{"line":186,"column":2},"end":{"line":195,"column":3}},{"start":{},"end":{}}],"line":186},"20":{"loc":{"start":{"line":216,"column":2},"end":{"line":218,"column":3}},"type":"if","locations":[{"start":{"line":216,"column":2},"end":{"line":218,"column":3}},{"start":{},"end":{}}],"line":216},"21":{"loc":{"start":{"line":256,"column":2},"end":{"line":258,"column":3}},"type":"if","locations":[{"start":{"line":256,"column":2},"end":{"line":258,"column":3}},{"start":{},"end":{}}],"line":256},"22":{"loc":{"start":{"line":266,"column":2},"end":{"line":268,"column":3}},"type":"if","locations":[{"start":{"line":266,"column":2},"end":{"line":268,"column":3}},{"start":{},"end":{}}],"line":266},"23":{"loc":{"start":{"line":289,"column":2},"end":{"line":291,"column":3}},"type":"if","locations":[{"start":{"line":289,"column":2},"end":{"line":291,"column":3}},{"start":{},"end":{}}],"line":289},"24":{"loc":{"start":{"line":308,"column":2},"end":{"line":310,"column":3}},"type":"if","locations":[{"start":{"line":308,"column":2},"end":{"line":310,"column":3}},{"start":{},"end":{}}],"line":308}},"s":{"0":25,"1":25,"2":700,"3":700,"4":700,"5":700,"6":700,"7":700,"8":58,"9":700,"10":700,"11":700,"12":700,"13":700,"14":51,"15":51,"16":51,"17":700,"18":700,"19":700,"20":700,"21":131,"22":700,"23":700,"24":700,"25":700,"26":700,"27":700,"28":700,"29":41,"30":41,"31":700,"32":700,"33":700,"34":8,"35":692,"36":692,"37":692,"38":1182,"39":692,"40":1172,"41":1172,"42":451,"43":451,"44":451,"45":451,"46":261,"47":451,"48":451,"49":451,"50":264,"51":264,"52":264,"53":346,"54":305,"55":30,"56":30,"57":275,"58":275,"59":275,"60":275,"61":0,"62":264,"63":264,"64":346,"65":346,"66":0,"67":0,"68":0,"69":0,"70":0,"71":346,"72":0,"73":346,"74":41,"75":41,"76":305,"77":305,"78":264,"79":41,"80":305,"81":264,"82":264,"83":264,"84":495,"85":495,"86":495,"87":237,"88":258,"89":8,"90":8,"91":8,"92":8,"93":8,"94":0,"95":8,"96":8,"97":8,"98":24,"99":8,"100":24,"101":8,"102":24,"103":8,"104":24,"105":8,"106":3,"107":3,"108":3,"109":3,"110":3,"111":0,"112":3,"113":3,"114":3,"115":3,"116":3,"117":3,"118":0,"119":0,"120":0,"121":0,"122":0,"123":0,"124":0,"125":0,"126":0,"127":0,"128":0,"129":0,"130":0,"131":0,"132":0,"133":0,"134":0,"135":0,"136":25},"f":{"0":700,"1":51,"2":131,"3":1182,"4":264,"5":264,"6":305,"7":495,"8":8,"9":24,"10":24,"11":3,"12":0,"13":0,"14":0},"b":{"0":[58,642],"1":[51,649],"2":[51,0],"3":[120,580],"4":[327,373],"5":[41,659],"6":[8,692],"7":[1172,0],"8":[261,190],"9":[451,0],"10":[264],"11":[30,275],"12":[275,0],"13":[0,346],"14":[0,0],"15":[0,346],"16":[41,305],"17":[346,305],"18":[264,41],"19":[237,258],"20":[0,8],"21":[0,3],"22":[3,0],"23":[0,0],"24":[0,0]},"_coverageSchema":"1a1c01bbd47fc00a2c39e90264f33305004495a9","hash":"83e723b72cf65f5fb222a285e7534ceb453c7f7b"}
,"C:\\Users\\hiihi\\Desktop\\queriqueen\\Query-Master\\src\\errors\\AppError.js": {"path":"C:\\Users\\hiihi\\Desktop\\queriqueen\\Query-Master\\src\\errors\\AppError.js","statementMap":{"0":{"start":{"line":7,"column":4},"end":{"line":7,"column":19}},"1":{"start":{"line":8,"column":4},"end":{"line":8,"column":38}},"2":{"start":{"line":9,"column":4},"end":{"line":9,"column":21}},"3":{"start":{"line":10,"column":4},"end":{"line":10,"column":33}},"4":{"start":{"line":11,"column":4},"end":{"line":11,"column":46}},"5":{"start":{"line":12,"column":4},"end":{"line":12,"column":52}},"6":{"start":{"line":16,"column":4},"end":{"line":24,"column":6}},"7":{"start":{"line":28,"column":4},"end":{"line":28,"column":43}},"8":{"start":{"line":32,"column":0},"end":{"line":32,"column":26}}},"fnMap":{"0":{"name":"(anonymous_0)","decl":{"start":{"line":6,"column":2},"end":{"line":6,"column":3}},"loc":{"start":{"line":6,"column":66},"end":{"line":13,"column":3}},"line":6},"1":{"name":"(anonymous_1)","decl":{"start":{"line":15,"column":2},"end":{"line":15,"column":3}},"loc":{"start":{"line":15,"column":11},"end":{"line":25,"column":3}},"line":15},"2":{"name":"(anonymous_2)","decl":{"start":{"line":27,"column":2},"end":{"line":27,"column":3}},"loc":{"start":{"line":27,"column":13},"end":{"line":29,"column":3}},"line":27}},"branchMap":{"0":{"loc":{"start":{"line":6,"column":23},"end":{"line":6,"column":46}},"type":"default-arg","locations":[{"start":{"line":6,"column":30},"end":{"line":6,"column":46}}],"line":6},"1":{"loc":{"start":{"line":6,"column":48},"end":{"line":6,"column":64}},"type":"default-arg","locations":[{"start":{"line":6,"column":61},"end":{"line":6,"column":64}}],"line":6}},"s":{"0":249,"1":249,"2":249,"3":249,"4":249,"5":249,"6":482,"7":0,"8":25},"f":{"0":249,"1":482,"2":0},"b":{"0":[0],"1":[0]},"_coverageSchema":"1a1c01bbd47fc00a2c39e90264f33305004495a9","hash":"485e5a478f531d8e4c602ae3d57a106d5497f76a"}
,"C:\\Users\\hiihi\\Desktop\\queriqueen\\Query-Master\\src\\errors\\ExecutionError.js": {"path":"C:\\Users\\hiihi\\Desktop\\queriqueen\\Query-Master\\src\\errors\\ExecutionError.js","statementMap":{"0":{"start":{"line":1,"column":17},"end":{"line":1,"column":38}},"1":{"start":{"line":8,"column":4},"end":{"line":8,"column":43}},"2":{"start":{"line":9,"column":4},"end":{"line":9,"column":31}},"3":{"start":{"line":10,"column":4},"end":{"line":10,"column":27}},"4":{"start":{"line":14,"column":4},"end":{"line":21,"column":6}},"5":{"start":{"line":25,"column":0},"end":{"line":25,"column":32}}},"fnMap":{"0":{"name":"(anonymous_0)","decl":{"start":{"line":7,"column":2},"end":{"line":7,"column":3}},"loc":{"start":{"line":7,"column":57},"end":{"line":11,"column":3}},"line":7},"1":{"name":"(anonymous_1)","decl":{"start":{"line":13,"column":2},"end":{"line":13,"column":3}},"loc":{"start":{"line":13,"column":11},"end":{"line":22,"column":3}},"line":13}},"branchMap":{"0":{"loc":{"start":{"line":7,"column":23},"end":{"line":7,"column":39}},"type":"default-arg","locations":[{"start":{"line":7,"column":35},"end":{"line":7,"column":39}}],"line":7},"1":{"loc":{"start":{"line":7,"column":41},"end":{"line":7,"column":55}},"type":"default-arg","locations":[{"start":{"line":7,"column":51},"end":{"line":7,"column":55}}],"line":7}},"s":{"0":25,"1":0,"2":0,"3":0,"4":0,"5":25},"f":{"0":0,"1":0},"b":{"0":[0],"1":[0]},"_coverageSchema":"1a1c01bbd47fc00a2c39e90264f33305004495a9","hash":"cc1131d98164880d859c131f1201c801e5fed2db"}
,"C:\\Users\\hiihi\\Desktop\\queriqueen\\Query-Master\\src\\errors\\ParseError.js": {"path":"C:\\Users\\hiihi\\Desktop\\queriqueen\\Query-Master\\src\\errors\\ParseError.js","statementMap":{"0":{"start":{"line":1,"column":17},"end":{"line":1,"column":38}},"1":{"start":{"line":8,"column":4},"end":{"line":8,"column":39}},"2":{"start":{"line":9,"column":4},"end":{"line":9,"column":23}},"3":{"start":{"line":10,"column":4},"end":{"line":10,"column":29}},"4":{"start":{"line":14,"column":4},"end":{"line":21,"column":6}},"5":{"start":{"line":25,"column":0},"end":{"line":25,"column":28}}},"fnMap":{"0":{"name":"(anonymous_0)","decl":{"start":{"line":7,"column":2},"end":{"line":7,"column":3}},"loc":{"start":{"line":7,"column":54},"end":{"line":11,"column":3}},"line":7},"1":{"name":"(anonymous_1)","decl":{"start":{"line":13,"column":2},"end":{"line":13,"column":3}},"loc":{"start":{"line":13,"column":11},"end":{"line":22,"column":3}},"line":13}},"branchMap":{"0":{"loc":{"start":{"line":7,"column":23},"end":{"line":7,"column":35}},"type":"default-arg","locations":[{"start":{"line":7,"column":31},"end":{"line":7,"column":35}}],"line":7},"1":{"loc":{"start":{"line":7,"column":37},"end":{"line":7,"column":52}},"type":"default-arg","locations":[{"start":{"line":7,"column":48},"end":{"line":7,"column":52}}],"line":7}},"s":{"0":25,"1":8,"2":8,"3":8,"4":0,"5":25},"f":{"0":8,"1":0},"b":{"0":[0],"1":[8]},"_coverageSchema":"1a1c01bbd47fc00a2c39e90264f33305004495a9","hash":"dc3cbf3150c4164ce00de5535ad8da32bca7def8"}
,"C:\\Users\\hiihi\\Desktop\\queriqueen\\Query-Master\\src\\errors\\SecurityError.js": {"path":"C:\\Users\\hiihi\\Desktop\\queriqueen\\Query-Master\\src\\errors\\SecurityError.js","statementMap":{"0":{"start":{"line":1,"column":17},"end":{"line":1,"column":38}},"1":{"start":{"line":9,"column":4},"end":{"line":9,"column":42}},"2":{"start":{"line":10,"column":4},"end":{"line":10,"column":25}},"3":{"start":{"line":14,"column":4},"end":{"line":20,"column":6}},"4":{"start":{"line":24,"column":0},"end":{"line":24,"column":31}}},"fnMap":{"0":{"name":"(anonymous_0)","decl":{"start":{"line":8,"column":2},"end":{"line":8,"column":3}},"loc":{"start":{"line":8,"column":38},"end":{"line":11,"column":3}},"line":8},"1":{"name":"(anonymous_1)","decl":{"start":{"line":13,"column":2},"end":{"line":13,"column":3}},"loc":{"start":{"line":13,"column":11},"end":{"line":21,"column":3}},"line":13}},"branchMap":{"0":{"loc":{"start":{"line":8,"column":23},"end":{"line":8,"column":36}},"type":"default-arg","locations":[{"start":{"line":8,"column":32},"end":{"line":8,"column":36}}],"line":8}},"s":{"0":25,"1":241,"2":241,"3":241,"4":25},"f":{"0":241,"1":241},"b":{"0":[0]},"_coverageSchema":"1a1c01bbd47fc00a2c39e90264f33305004495a9","hash":"50b65f8c8c6deec5d4ae2dc6f085ff39a2c4f97a"}
,"C:\\Users\\hiihi\\Desktop\\queriqueen\\Query-Master\\src\\errors\\ValidationError.js": {"path":"C:\\Users\\hiihi\\Desktop\\queriqueen\\Query-Master\\src\\errors\\ValidationError.js","statementMap":{"0":{"start":{"line":1,"column":17},"end":{"line":1,"column":38}},"1":{"start":{"line":8,"column":4},"end":{"line":8,"column":44}},"2":{"start":{"line":9,"column":4},"end":{"line":9,"column":27}},"3":{"start":{"line":13,"column":4},"end":{"line":19,"column":6}},"4":{"start":{"line":23,"column":0},"end":{"line":23,"column":33}}},"fnMap":{"0":{"name":"(anonymous_0)","decl":{"start":{"line":7,"column":2},"end":{"line":7,"column":3}},"loc":{"start":{"line":7,"column":39},"end":{"line":10,"column":3}},"line":7},"1":{"name":"(anonymous_1)","decl":{"start":{"line":12,"column":2},"end":{"line":12,"column":3}},"loc":{"start":{"line":12,"column":11},"end":{"line":20,"column":3}},"line":12}},"branchMap":{"0":{"loc":{"start":{"line":7,"column":23},"end":{"line":7,"column":37}},"type":"default-arg","locations":[{"start":{"line":7,"column":33},"end":{"line":7,"column":37}}],"line":7}},"s":{"0":25,"1":0,"2":0,"3":0,"4":25},"f":{"0":0,"1":0},"b":{"0":[0]},"_coverageSchema":"1a1c01bbd47fc00a2c39e90264f33305004495a9","hash":"dde5556cc26064206552dba5d7b40509ebe77b7b"}
,"C:\\Users\\hiihi\\Desktop\\queriqueen\\Query-Master\\src\\errors\\index.js": {"path":"C:\\Users\\hiihi\\Desktop\\queriqueen\\Query-Master\\src\\errors\\index.js","statementMap":{"0":{"start":{"line":1,"column":17},"end":{"line":1,"column":38}},"1":{"start":{"line":2,"column":24},"end":{"line":2,"column":52}},"2":{"start":{"line":3,"column":19},"end":{"line":3,"column":42}},"3":{"start":{"line":4,"column":23},"end":{"line":4,"column":50}},"4":{"start":{"line":5,"column":22},"end":{"line":5,"column":48}},"5":{"start":{"line":7,"column":0},"end":{"line":13,"column":2}}},"fnMap":{},"branchMap":{},"s":{"0":25,"1":25,"2":25,"3":25,"4":25,"5":25},"f":{},"b":{},"_coverageSchema":"1a1c01bbd47fc00a2c39e90264f33305004495a9","hash":"c096f5cb5ef63ac1360cfdd33c24a529ed9f9f38"}
,"C:\\Users\\hiihi\\Desktop\\queriqueen\\Query-Master\\src\\security\\index.js": {"path":"C:\\Users\\hiihi\\Desktop\\queriqueen\\Query-Master\\src\\security\\index.js","statementMap":{"0":{"start":{"line":1,"column":19},"end":{"line":1,"column":42}},"1":{"start":{"line":2,"column":19},"end":{"line":2,"column":42}},"2":{"start":{"line":4,"column":0},"end":{"line":7,"column":2}}},"fnMap":{},"branchMap":{},"s":{"0":25,"1":25,"2":25},"f":{},"b":{},"_coverageSchema":"1a1c01bbd47fc00a2c39e90264f33305004495a9","hash":"603732181a490f5d13b4c44554680c11143fca16"}
,"C:\\Users\\hiihi\\Desktop\\queriqueen\\Query-Master\\src\\security\\sanitizers.js": {"path":"C:\\Users\\hiihi\\Desktop\\queriqueen\\Query-Master\\src\\security\\sanitizers.js","statementMap":{"0":{"start":{"line":4,"column":19},"end":{"line":93,"column":1}},"1":{"start":{"line":11,"column":4},"end":{"line":11,"column":50}},"2":{"start":{"line":20,"column":4},"end":{"line":20,"column":50}},"3":{"start":{"line":29,"column":4},"end":{"line":31,"column":5}},"4":{"start":{"line":30,"column":6},"end":{"line":30,"column":54}},"5":{"start":{"line":32,"column":4},"end":{"line":32,"column":17}},"6":{"start":{"line":41,"column":4},"end":{"line":47,"column":40}},"7":{"start":{"line":56,"column":4},"end":{"line":58,"column":5}},"8":{"start":{"line":57,"column":6},"end":{"line":57,"column":16}},"9":{"start":{"line":59,"column":21},"end":{"line":59,"column":34}},"10":{"start":{"line":61,"column":4},"end":{"line":63,"column":5}},"11":{"start":{"line":62,"column":6},"end":{"line":62,"column":49}},"12":{"start":{"line":64,"column":4},"end":{"line":64,"column":20}},"13":{"start":{"line":73,"column":4},"end":{"line":75,"column":11}},"14":{"start":{"line":74,"column":24},"end":{"line":74,"column":41}},"15":{"start":{"line":84,"column":4},"end":{"line":86,"column":5}},"16":{"start":{"line":85,"column":6},"end":{"line":85,"column":17}},"17":{"start":{"line":87,"column":22},"end":{"line":87,"column":24}},"18":{"start":{"line":88,"column":4},"end":{"line":90,"column":5}},"19":{"start":{"line":89,"column":6},"end":{"line":89,"column":45}},"20":{"start":{"line":91,"column":4},"end":{"line":91,"column":21}},"21":{"start":{"line":95,"column":0},"end":{"line":95,"column":28}}},"fnMap":{"0":{"name":"(anonymous_0)","decl":{"start":{"line":10,"column":2},"end":{"line":10,"column":3}},"loc":{"start":{"line":10,"column":23},"end":{"line":12,"column":3}},"line":10},"1":{"name":"(anonymous_1)","decl":{"start":{"line":19,"column":2},"end":{"line":19,"column":3}},"loc":{"start":{"line":19,"column":23},"end":{"line":21,"column":3}},"line":19},"2":{"name":"(anonymous_2)","decl":{"start":{"line":28,"column":2},"end":{"line":28,"column":3}},"loc":{"start":{"line":28,"column":15},"end":{"line":33,"column":3}},"line":28},"3":{"name":"(anonymous_3)","decl":{"start":{"line":40,"column":2},"end":{"line":40,"column":3}},"loc":{"start":{"line":40,"column":15},"end":{"line":48,"column":3}},"line":40},"4":{"name":"(anonymous_4)","decl":{"start":{"line":55,"column":2},"end":{"line":55,"column":3}},"loc":{"start":{"line":55,"column":18},"end":{"line":65,"column":3}},"line":55},"5":{"name":"(anonymous_5)","decl":{"start":{"line":72,"column":2},"end":{"line":72,"column":3}},"loc":{"start":{"line":72,"column":17},"end":{"line":76,"column":3}},"line":72},"6":{"name":"(anonymous_6)","decl":{"start":{"line":74,"column":19},"end":{"line":74,"column":20}},"loc":{"start":{"line":74,"column":24},"end":{"line":74,"column":41}},"line":74},"7":{"name":"(anonymous_7)","decl":{"start":{"line":83,"column":2},"end":{"line":83,"column":3}},"loc":{"start":{"line":83,"column":18},"end":{"line":92,"column":3}},"line":83}},"branchMap":{"0":{"loc":{"start":{"line":29,"column":4},"end":{"line":31,"column":5}},"type":"if","locations":[{"start":{"line":29,"column":4},"end":{"line":31,"column":5}},{"start":{},"end":{}}],"line":29},"1":{"loc":{"start":{"line":56,"column":4},"end":{"line":58,"column":5}},"type":"if","locations":[{"start":{"line":56,"column":4},"end":{"line":58,"column":5}},{"start":{},"end":{}}],"line":56},"2":{"loc":{"start":{"line":56,"column":8},"end":{"line":56,"column":45}},"type":"binary-expr","locations":[{"start":{"line":56,"column":8},"end":{"line":56,"column":22}},{"start":{"line":56,"column":26},"end":{"line":56,"column":45}}],"line":56},"3":{"loc":{"start":{"line":61,"column":4},"end":{"line":63,"column":5}},"type":"if","locations":[{"start":{"line":61,"column":4},"end":{"line":63,"column":5}},{"start":{},"end":{}}],"line":61},"4":{"loc":{"start":{"line":61,"column":8},"end":{"line":61,"column":83}},"type":"binary-expr","locations":[{"start":{"line":61,"column":8},"end":{"line":61,"column":30}},{"start":{"line":61,"column":34},"end":{"line":61,"column":57}},{"start":{"line":61,"column":61},"end":{"line":61,"column":83}}],"line":61},"5":{"loc":{"start":{"line":73,"column":11},"end":{"line":75,"column":10}},"type":"cond-expr","locations":[{"start":{"line":74,"column":8},"end":{"line":74,"column":42}},{"start":{"line":75,"column":8},"end":{"line":75,"column":10}}],"line":73},"6":{"loc":{"start":{"line":84,"column":4},"end":{"line":86,"column":5}},"type":"if","locations":[{"start":{"line":84,"column":4},"end":{"line":86,"column":5}},{"start":{},"end":{}}],"line":84},"7":{"loc":{"start":{"line":84,"column":8},"end":{"line":84,"column":47}},"type":"binary-expr","locations":[{"start":{"line":84,"column":8},"end":{"line":84,"column":31}},{"start":{"line":84,"column":35},"end":{"line":84,"column":47}}],"line":84}},"s":{"0":25,"1":0,"2":0,"3":24,"4":24,"5":0,"6":711,"7":0,"8":0,"9":0,"10":0,"11":0,"12":0,"13":0,"14":0,"15":0,"16":0,"17":0,"18":0,"19":0,"20":0,"21":25},"f":{"0":0,"1":0,"2":24,"3":711,"4":0,"5":0,"6":0,"7":0},"b":{"0":[24,0],"1":[0,0],"2":[0,0],"3":[0,0],"4":[0,0,0],"5":[0,0],"6":[0,0],"7":[0,0]},"_coverageSchema":"1a1c01bbd47fc00a2c39e90264f33305004495a9","hash":"bc0d4ff99f5f83aa2c8017977834c3b0c68a98a7"}
,"C:\\Users\\hiihi\\Desktop\\queriqueen\\Query-Master\\src\\security\\validators.js": {"path":"C:\\Users\\hiihi\\Desktop\\queriqueen\\Query-Master\\src\\security\\validators.js","statementMap":{"0":{"start":{"line":1,"column":43},"end":{"line":1,"column":63}},"1":{"start":{"line":6,"column":19},"end":{"line":207,"column":1}},"2":{"start":{"line":14,"column":4},"end":{"line":16,"column":5}},"3":{"start":{"line":15,"column":6},"end":{"line":15,"column":73}},"4":{"start":{"line":19,"column":4},"end":{"line":24,"column":5}},"5":{"start":{"line":20,"column":6},"end":{"line":23,"column":8}},"6":{"start":{"line":26,"column":4},"end":{"line":28,"column":5}},"7":{"start":{"line":27,"column":6},"end":{"line":27,"column":83}},"8":{"start":{"line":30,"column":4},"end":{"line":30,"column":16}},"9":{"start":{"line":40,"column":4},"end":{"line":42,"column":5}},"10":{"start":{"line":41,"column":6},"end":{"line":41,"column":73}},"11":{"start":{"line":45,"column":18},"end":{"line":45,"column":38}},"12":{"start":{"line":46,"column":4},"end":{"line":48,"column":5}},"13":{"start":{"line":47,"column":6},"end":{"line":47,"column":93}},"14":{"start":{"line":50,"column":4},"end":{"line":57,"column":5}},"15":{"start":{"line":51,"column":6},"end":{"line":56,"column":7}},"16":{"start":{"line":52,"column":8},"end":{"line":55,"column":10}},"17":{"start":{"line":59,"column":4},"end":{"line":61,"column":5}},"18":{"start":{"line":60,"column":6},"end":{"line":60,"column":83}},"19":{"start":{"line":63,"column":4},"end":{"line":63,"column":16}},"20":{"start":{"line":73,"column":4},"end":{"line":75,"column":5}},"21":{"start":{"line":74,"column":6},"end":{"line":74,"column":18}},"22":{"start":{"line":77,"column":21},"end":{"line":77,"column":48}},"23":{"start":{"line":80,"column":33},"end":{"line":85,"column":5}},"24":{"start":{"line":87,"column":4},"end":{"line":94,"column":5}},"25":{"start":{"line":88,"column":6},"end":{"line":93,"column":7}},"26":{"start":{"line":89,"column":8},"end":{"line":92,"column":10}},"27":{"start":{"line":96,"column":4},"end":{"line":96,"column":16}},"28":{"start":{"line":106,"column":4},"end":{"line":108,"column":5}},"29":{"start":{"line":107,"column":6},"end":{"line":107,"column":68}},"30":{"start":{"line":110,"column":4},"end":{"line":112,"column":5}},"31":{"start":{"line":111,"column":6},"end":{"line":111,"column":84}},"32":{"start":{"line":115,"column":23},"end":{"line":115,"column":61}},"33":{"start":{"line":115,"column":52},"end":{"line":115,"column":60}},"34":{"start":{"line":116,"column":4},"end":{"line":121,"column":5}},"35":{"start":{"line":117,"column":6},"end":{"line":120,"column":8}},"36":{"start":{"line":123,"column":4},"end":{"line":123,"column":16}},"37":{"start":{"line":133,"column":27},"end":{"line":133,"column":111}},"38":{"start":{"line":134,"column":4},"end":{"line":136,"column":5}},"39":{"start":{"line":135,"column":6},"end":{"line":135,"column":67}},"40":{"start":{"line":137,"column":4},"end":{"line":137,"column":16}},"41":{"start":{"line":147,"column":26},"end":{"line":155,"column":5}},"42":{"start":{"line":156,"column":4},"end":{"line":158,"column":5}},"43":{"start":{"line":157,"column":6},"end":{"line":157,"column":80}},"44":{"start":{"line":159,"column":4},"end":{"line":159,"column":16}},"45":{"start":{"line":169,"column":4},"end":{"line":171,"column":5}},"46":{"start":{"line":170,"column":6},"end":{"line":170,"column":78}},"47":{"start":{"line":172,"column":4},"end":{"line":174,"column":5}},"48":{"start":{"line":173,"column":6},"end":{"line":173,"column":76}},"49":{"start":{"line":175,"column":4},"end":{"line":175,"column":16}},"50":{"start":{"line":185,"column":4},"end":{"line":187,"column":5}},"51":{"start":{"line":186,"column":6},"end":{"line":186,"column":72}},"52":{"start":{"line":190,"column":4},"end":{"line":195,"column":5}},"53":{"start":{"line":191,"column":6},"end":{"line":194,"column":8}},"54":{"start":{"line":198,"column":4},"end":{"line":203,"column":5}},"55":{"start":{"line":199,"column":6},"end":{"line":202,"column":8}},"56":{"start":{"line":205,"column":4},"end":{"line":205,"column":16}},"57":{"start":{"line":209,"column":0},"end":{"line":209,"column":28}}},"fnMap":{"0":{"name":"(anonymous_0)","decl":{"start":{"line":13,"column":2},"end":{"line":13,"column":3}},"loc":{"start":{"line":13,"column":23},"end":{"line":31,"column":3}},"line":13},"1":{"name":"(anonymous_1)","decl":{"start":{"line":39,"column":2},"end":{"line":39,"column":3}},"loc":{"start":{"line":39,"column":23},"end":{"line":64,"column":3}},"line":39},"2":{"name":"(anonymous_2)","decl":{"start":{"line":72,"column":2},"end":{"line":72,"column":3}},"loc":{"start":{"line":72,"column":15},"end":{"line":97,"column":3}},"line":72},"3":{"name":"(anonymous_3)","decl":{"start":{"line":105,"column":2},"end":{"line":105,"column":3}},"loc":{"start":{"line":105,"column":15},"end":{"line":124,"column":3}},"line":105},"4":{"name":"(anonymous_4)","decl":{"start":{"line":115,"column":47},"end":{"line":115,"column":48}},"loc":{"start":{"line":115,"column":52},"end":{"line":115,"column":60}},"line":115},"5":{"name":"(anonymous_5)","decl":{"start":{"line":132,"column":2},"end":{"line":132,"column":3}},"loc":{"start":{"line":132,"column":21},"end":{"line":138,"column":3}},"line":132},"6":{"name":"(anonymous_6)","decl":{"start":{"line":146,"column":2},"end":{"line":146,"column":3}},"loc":{"start":{"line":146,"column":19},"end":{"line":160,"column":3}},"line":146},"7":{"name":"(anonymous_7)","decl":{"start":{"line":168,"column":2},"end":{"line":168,"column":3}},"loc":{"start":{"line":168,"column":15},"end":{"line":176,"column":3}},"line":168},"8":{"name":"(anonymous_8)","decl":{"start":{"line":184,"column":2},"end":{"line":184,"column":3}},"loc":{"start":{"line":184,"column":21},"end":{"line":206,"column":3}},"line":184}},"branchMap":{"0":{"loc":{"start":{"line":14,"column":4},"end":{"line":16,"column":5}},"type":"if","locations":[{"start":{"line":14,"column":4},"end":{"line":16,"column":5}},{"start":{},"end":{}}],"line":14},"1":{"loc":{"start":{"line":14,"column":8},"end":{"line":14,"column":51}},"type":"binary-expr","locations":[{"start":{"line":14,"column":8},"end":{"line":14,"column":18}},{"start":{"line":14,"column":22},"end":{"line":14,"column":51}}],"line":14},"2":{"loc":{"start":{"line":19,"column":4},"end":{"line":24,"column":5}},"type":"if","locations":[{"start":{"line":19,"column":4},"end":{"line":24,"column":5}},{"start":{},"end":{}}],"line":19},"3":{"loc":{"start":{"line":26,"column":4},"end":{"line":28,"column":5}},"type":"if","locations":[{"start":{"line":26,"column":4},"end":{"line":28,"column":5}},{"start":{},"end":{}}],"line":26},"4":{"loc":{"start":{"line":40,"column":4},"end":{"line":42,"column":5}},"type":"if","locations":[{"start":{"line":40,"column":4},"end":{"line":42,"column":5}},{"start":{},"end":{}}],"line":40},"5":{"loc":{"start":{"line":40,"column":8},"end":{"line":40,"column":51}},"type":"binary-expr","locations":[{"start":{"line":40,"column":8},"end":{"line":40,"column":18}},{"start":{"line":40,"column":22},"end":{"line":40,"column":51}}],"line":40},"6":{"loc":{"start":{"line":46,"column":4},"end":{"line":48,"column":5}},"type":"if","locations":[{"start":{"line":46,"column":4},"end":{"line":48,"column":5}},{"start":{},"end":{}}],"line":46},"7":{"loc":{"start":{"line":51,"column":6},"end":{"line":56,"column":7}},"type":"if","locations":[{"start":{"line":51,"column":6},"end":{"line":56,"column":7}},{"start":{},"end":{}}],"line":51},"8":{"loc":{"start":{"line":51,"column":10},"end":{"line":51,"column":66}},"type":"binary-expr","locations":[{"start":{"line":51,"column":10},"end":{"line":51,"column":50}},{"start":{"line":51,"column":54},"end":{"line":51,"column":66}}],"line":51},"9":{"loc":{"start":{"line":59,"column":4},"end":{"line":61,"column":5}},"type":"if","locations":[{"start":{"line":59,"column":4},"end":{"line":61,"column":5}},{"start":{},"end":{}}],"line":59},"10":{"loc":{"start":{"line":73,"column":4},"end":{"line":75,"column":5}},"type":"if","locations":[{"start":{"line":73,"column":4},"end":{"line":75,"column":5}},{"start":{},"end":{}}],"line":73},"11":{"loc":{"start":{"line":73,"column":8},"end":{"line":73,"column":45}},"type":"binary-expr","locations":[{"start":{"line":73,"column":8},"end":{"line":73,"column":22}},{"start":{"line":73,"column":26},"end":{"line":73,"column":45}}],"line":73},"12":{"loc":{"start":{"line":88,"column":6},"end":{"line":93,"column":7}},"type":"if","locations":[{"start":{"line":88,"column":6},"end":{"line":93,"column":7}},{"start":{},"end":{}}],"line":88},"13":{"loc":{"start":{"line":106,"column":4},"end":{"line":108,"column":5}},"type":"if","locations":[{"start":{"line":106,"column":4},"end":{"line":108,"column":5}},{"start":{},"end":{}}],"line":106},"14":{"loc":{"start":{"line":106,"column":8},"end":{"line":106,"column":43}},"type":"binary-expr","locations":[{"start":{"line":106,"column":8},"end":{"line":106,"column":14}},{"start":{"line":106,"column":18},"end":{"line":106,"column":43}}],"line":106},"15":{"loc":{"start":{"line":110,"column":4},"end":{"line":112,"column":5}},"type":"if","locations":[{"start":{"line":110,"column":4},"end":{"line":112,"column":5}},{"start":{},"end":{}}],"line":110},"16":{"loc":{"start":{"line":116,"column":4},"end":{"line":121,"column":5}},"type":"if","locations":[{"start":{"line":116,"column":4},"end":{"line":121,"column":5}},{"start":{},"end":{}}],"line":116},"17":{"loc":{"start":{"line":134,"column":4},"end":{"line":136,"column":5}},"type":"if","locations":[{"start":{"line":134,"column":4},"end":{"line":136,"column":5}},{"start":{},"end":{}}],"line":134},"18":{"loc":{"start":{"line":156,"column":4},"end":{"line":158,"column":5}},"type":"if","locations":[{"start":{"line":156,"column":4},"end":{"line":158,"column":5}},{"start":{},"end":{}}],"line":156},"19":{"loc":{"start":{"line":169,"column":4},"end":{"line":171,"column":5}},"type":"if","locations":[{"start":{"line":169,"column":4},"end":{"line":171,"column":5}},{"start":{},"end":{}}],"line":169},"20":{"loc":{"start":{"line":169,"column":8},"end":{"line":169,"column":45}},"type":"binary-expr","locations":[{"start":{"line":169,"column":8},"end":{"line":169,"column":32}},{"start":{"line":169,"column":36},"end":{"line":169,"column":45}}],"line":169},"21":{"loc":{"start":{"line":172,"column":4},"end":{"line":174,"column":5}},"type":"if","locations":[{"start":{"line":172,"column":4},"end":{"line":174,"column":5}},{"start":{},"end":{}}],"line":172},"22":{"loc":{"start":{"line":185,"column":4},"end":{"line":187,"column":5}},"type":"if","locations":[{"start":{"line":185,"column":4},"end":{"line":187,"column":5}},{"start":{},"end":{}}],"line":185},"23":{"loc":{"start":{"line":185,"column":8},"end":{"line":185,"column":49}},"type":"binary-expr","locations":[{"start":{"line":185,"column":8},"end":{"line":185,"column":17}},{"start":{"line":185,"column":21},"end":{"line":185,"column":49}}],"line":185},"24":{"loc":{"start":{"line":190,"column":4},"end":{"line":195,"column":5}},"type":"if","locations":[{"start":{"line":190,"column":4},"end":{"line":195,"column":5}},{"start":{},"end":{}}],"line":190},"25":{"loc":{"start":{"line":190,"column":8},"end":{"line":190,"column":57}},"type":"binary-expr","locations":[{"start":{"line":190,"column":8},"end":{"line":190,"column":31}},{"start":{"line":190,"column":35},"end":{"line":190,"column":57}}],"line":190},"26":{"loc":{"start":{"line":198,"column":4},"end":{"line":203,"column":5}},"type":"if","locations":[{"start":{"line":198,"column":4},"end":{"line":203,"column":5}},{"start":{},"end":{}}],"line":198}},"s":{"0":25,"1":25,"2":703,"3":0,"4":703,"5":0,"6":703,"7":0,"8":703,"9":1196,"10":0,"11":1196,"12":1196,"13":0,"14":1196,"15":1621,"16":241,"17":955,"18":0,"19":955,"20":24,"21":0,"22":24,"23":24,"24":24,"25":96,"26":0,"27":24,"28":711,"29":0,"30":711,"31":0,"32":711,"33":711,"34":711,"35":0,"36":711,"37":0,"38":0,"39":0,"40":0,"41":0,"42":0,"43":0,"44":0,"45":0,"46":0,"47":0,"48":0,"49":0,"50":0,"51":0,"52":0,"53":0,"54":0,"55":0,"56":0,"57":25},"f":{"0":703,"1":1196,"2":24,"3":711,"4":711,"5":0,"6":0,"7":0,"8":0},"b":{"0":[0,703],"1":[703,703],"2":[0,703],"3":[0,703],"4":[0,1196],"5":[1196,1196],"6":[0,1196],"7":[241,1380],"8":[1621,241],"9":[0,955],"10":[0,24],"11":[24,24],"12":[0,96],"13":[0,711],"14":[711,711],"15":[0,711],"16":[0,711],"17":[0,0],"18":[0,0],"19":[0,0],"20":[0,0],"21":[0,0],"22":[0,0],"23":[0,0],"24":[0,0],"25":[0,0],"26":[0,0]},"_coverageSchema":"1a1c01bbd47fc00a2c39e90264f33305004495a9","hash":"d03fcd23bf35a3427cdefd9774de430c203a7107"}
}
