TN:
SF:src\csvReader.js
FN:7,readCSV
FN:10,(anonymous_1)
FN:13,(anonymous_2)
FN:14,(anonymous_3)
FN:17,(anonymous_4)
FN:23,writeCSV
FNF:6
FNH:5
FNDA:451,readCSV
FNDA:451,(anonymous_1)
FNDA:2550,(anonymous_2)
FNDA:450,(anonymous_3)
FNDA:0,(anonymous_4)
FNDA:13,writeCSV
DA:3,26
DA:4,26
DA:5,26
DA:8,451
DA:10,451
DA:11,451
DA:13,2550
DA:15,450
DA:18,0
DA:24,13
DA:25,10
DA:28,26
LF:12
LH:11
BRF:0
BRH:0
end_of_record
TN:
SF:src\queryExecutor.js
FN:18,performInnerJoin
FN:19,(anonymous_1)
FN:22,(anonymous_2)
FN:27,(anonymous_3)
FN:28,(anonymous_4)
FN:48,performLeftJoin
FN:49,(anonymous_6)
FN:50,(anonymous_7)
FN:60,(anonymous_8)
FN:72,getValueFromRow
FN:86,performRightJoin
FN:90,(anonymous_11)
FN:96,(anonymous_12)
FN:97,(anonymous_13)
FN:120,createResultRow
FN:131,(anonymous_15)
FN:138,(anonymous_16)
FN:158,executeSELECTQuery
FN:194,(anonymous_18)
FN:207,(anonymous_19)
FN:217,(anonymous_20)
FN:224,(anonymous_21)
FN:230,(anonymous_22)
FN:235,(anonymous_23)
FN:249,(anonymous_24)
FN:265,(anonymous_25)
FN:266,(anonymous_26)
FN:278,(anonymous_27)
FN:290,(anonymous_28)
FN:291,(anonymous_29)
FN:298,(anonymous_30)
FN:304,(anonymous_31)
FN:318,evaluateWhereTree
FN:340,evaluateCondition
FN:380,parseValue
FN:410,applyGroupBy
FN:413,(anonymous_36)
FN:415,(anonymous_37)
FN:421,(anonymous_38)
FN:427,(anonymous_39)
FN:457,(anonymous_40)
FN:460,(anonymous_41)
FN:461,(anonymous_42)
FN:492,executeINSERTQuery
FN:499,(anonymous_44)
FN:522,executeDELETEQuery
FN:526,(anonymous_46)
FN:541,executeUPDATEQuery
FN:545,(anonymous_48)
FN:549,(anonymous_49)
FNF:50
FNH:30
FNDA:33,performInnerJoin
FNDA:198,(anonymous_1)
FNDA:990,(anonymous_2)
FNDA:165,(anonymous_3)
FNDA:360,(anonymous_4)
FNDA:35,performLeftJoin
FNDA:210,(anonymous_6)
FNDA:1050,(anonymous_7)
FNDA:175,(anonymous_8)
FNDA:3156,getValueFromRow
FNDA:44,performRightJoin
FNDA:308,(anonymous_11)
FNDA:220,(anonymous_12)
FNDA:528,(anonymous_13)
FNDA:465,createResultRow
FNDA:3255,(anonymous_15)
FNDA:930,(anonymous_16)
FNDA:460,executeSELECTQuery
FNDA:1149,(anonymous_18)
FNDA:0,(anonymous_19)
FNDA:0,(anonymous_20)
FNDA:0,(anonymous_21)
FNDA:0,(anonymous_22)
FNDA:0,(anonymous_23)
FNDA:0,(anonymous_24)
FNDA:0,(anonymous_25)
FNDA:0,(anonymous_26)
FNDA:12,(anonymous_27)
FNDA:26,(anonymous_28)
FNDA:26,(anonymous_29)
FNDA:236,(anonymous_30)
FNDA:324,(anonymous_31)
FNDA:1305,evaluateWhereTree
FNDA:1024,evaluateCondition
FNDA:1688,parseValue
FNDA:0,applyGroupBy
FNDA:0,(anonymous_36)
FNDA:0,(anonymous_37)
FNDA:0,(anonymous_38)
FNDA:0,(anonymous_39)
FNDA:0,(anonymous_40)
FNDA:0,(anonymous_41)
FNDA:0,(anonymous_42)
FNDA:4,executeINSERTQuery
FNDA:9,(anonymous_44)
FNDA:3,executeDELETEQuery
FNDA:0,(anonymous_46)
FNDA:0,executeUPDATEQuery
FNDA:0,(anonymous_48)
FNDA:0,(anonymous_49)
DA:6,24
DA:7,24
DA:19,33
DA:21,198
DA:23,990
DA:24,990
DA:25,990
DA:28,165
DA:29,360
DA:30,360
DA:32,360
DA:49,35
DA:50,210
DA:51,1050
DA:52,1050
DA:53,1050
DA:56,210
DA:57,70
DA:60,140
DA:61,175
DA:73,3156
DA:74,3156
DA:89,44
DA:91,308
DA:92,308
DA:96,44
DA:97,220
DA:98,528
DA:99,528
DA:100,528
DA:104,220
DA:107,220
DA:127,465
DA:129,465
DA:131,465
DA:132,3255
DA:133,3255
DA:138,465
DA:139,930
DA:142,930
DA:150,465
DA:171,460
DA:172,310
DA:175,310
DA:176,112
DA:177,112
DA:179,33
DA:180,33
DA:182,35
DA:183,35
DA:185,44
DA:186,44
DA:188,0
DA:193,310
DA:194,1149
DA:199,174
DA:201,174
DA:203,0
DA:207,0
DA:208,0
DA:209,0
DA:210,0
DA:211,0
DA:213,0
DA:214,0
DA:216,0
DA:217,0
DA:220,0
DA:222,0
DA:224,0
DA:227,0
DA:229,0
DA:230,0
DA:232,0
DA:234,0
DA:235,0
DA:237,0
DA:243,0
DA:245,174
DA:246,0
DA:247,0
DA:248,0
DA:249,0
DA:250,0
DA:251,0
DA:252,0
DA:253,0
DA:254,0
DA:255,0
DA:256,0
DA:259,0
DA:262,0
DA:263,0
DA:265,0
DA:266,0
DA:272,0
DA:273,0
DA:276,174
DA:277,174
DA:278,16
DA:279,12
DA:280,12
DA:281,12
DA:283,0
DA:286,174
DA:287,174
DA:288,13
DA:290,26
DA:291,26
DA:298,174
DA:299,236
DA:301,0
DA:303,236
DA:304,236
DA:305,324
DA:307,236
DA:319,1305
DA:320,1305
DA:321,1024
DA:322,281
DA:323,145
DA:326,136
DA:327,0
DA:331,136
DA:341,1024
DA:344,1024
DA:345,0
DA:348,1024
DA:350,180
DA:351,180
DA:354,844
DA:355,844
DA:357,844
DA:359,419
DA:361,84
DA:363,286
DA:365,55
DA:367,0
DA:369,0
DA:371,0
DA:382,1688
DA:383,22
DA:387,1666
DA:392,222
DA:396,1666
DA:397,1314
DA:400,352
DA:411,0
DA:413,0
DA:415,0
DA:418,0
DA:419,0
DA:420,0
DA:421,0
DA:426,0
DA:427,0
DA:428,0
DA:429,0
DA:430,0
DA:431,0
DA:433,0
DA:435,0
DA:437,0
DA:439,0
DA:443,0
DA:445,0
DA:449,0
DA:457,0
DA:459,0
DA:460,0
DA:461,0
DA:462,0
DA:463,0
DA:464,0
DA:465,0
DA:467,0
DA:468,0
DA:470,0
DA:471,0
DA:473,0
DA:474,0
DA:476,0
DA:477,0
DA:483,0
DA:493,4
DA:494,4
DA:495,4
DA:498,3
DA:499,3
DA:501,9
DA:502,9
DA:503,0
DA:505,9
DA:509,3
DA:512,3
DA:514,3
DA:523,3
DA:524,3
DA:525,3
DA:526,0
DA:529,3
DA:532,3
DA:533,0
DA:542,0
DA:543,0
DA:544,0
DA:545,0
DA:546,0
DA:547,0
DA:548,0
DA:549,0
DA:550,0
DA:553,0
DA:555,0
DA:556,0
DA:559,24
LF:216
LH:117
BRDA:31,0,0,230
BRDA:31,0,1,130
BRDA:56,1,0,70
BRDA:56,1,1,140
BRDA:74,2,0,3156
BRDA:74,2,1,3156
BRDA:89,3,0,44
BRDA:89,3,1,0
BRDA:104,4,0,220
BRDA:104,4,1,0
BRDA:129,5,0,465
BRDA:129,5,1,0
BRDA:131,6,0,465
BRDA:131,6,1,0
BRDA:133,7,0,3255
BRDA:133,7,1,0
BRDA:139,8,0,930
BRDA:139,8,1,0
BRDA:143,9,0,465
BRDA:143,9,1,465
BRDA:143,10,0,930
BRDA:143,10,1,465
BRDA:145,11,0,395
BRDA:145,11,1,70
BRDA:175,12,0,112
BRDA:175,12,1,198
BRDA:175,13,0,310
BRDA:175,13,1,112
BRDA:177,14,0,33
BRDA:177,14,1,35
BRDA:177,14,2,44
BRDA:177,14,3,0
BRDA:193,15,0,310
BRDA:193,15,1,0
BRDA:201,16,0,0
BRDA:201,16,1,174
BRDA:209,17,0,0
BRDA:209,17,1,0
BRDA:211,18,0,0
BRDA:211,18,1,0
BRDA:211,18,2,0
BRDA:211,18,3,0
BRDA:211,18,4,0
BRDA:245,19,0,0
BRDA:245,19,1,174
BRDA:248,20,0,0
BRDA:248,20,1,0
BRDA:251,21,0,0
BRDA:251,21,1,0
BRDA:252,22,0,0
BRDA:252,22,1,0
BRDA:253,23,0,0
BRDA:253,23,1,0
BRDA:254,24,0,0
BRDA:254,24,1,0
BRDA:255,25,0,0
BRDA:255,25,1,0
BRDA:256,26,0,0
BRDA:256,26,1,0
BRDA:262,27,0,0
BRDA:262,27,1,0
BRDA:272,28,0,0
BRDA:272,28,1,0
BRDA:277,29,0,16
BRDA:277,29,1,158
BRDA:280,30,0,0
BRDA:280,30,1,12
BRDA:280,31,0,0
BRDA:280,31,1,0
BRDA:281,32,0,12
BRDA:281,32,1,0
BRDA:281,33,0,12
BRDA:281,33,1,0
BRDA:286,34,0,6
BRDA:286,34,1,168
BRDA:287,35,0,13
BRDA:287,35,1,161
BRDA:299,36,0,0
BRDA:299,36,1,236
BRDA:299,37,0,236
BRDA:299,37,1,148
BRDA:319,38,0,0
BRDA:319,38,1,1305
BRDA:320,39,0,1024
BRDA:320,39,1,281
BRDA:322,40,0,145
BRDA:322,40,1,136
BRDA:324,41,0,145
BRDA:324,41,1,11
BRDA:326,42,0,0
BRDA:326,42,1,136
BRDA:328,43,0,0
BRDA:328,43,1,0
BRDA:344,44,0,0
BRDA:344,44,1,1024
BRDA:348,45,0,180
BRDA:348,45,1,844
BRDA:357,46,0,419
BRDA:357,46,1,84
BRDA:357,46,2,286
BRDA:357,46,3,55
BRDA:357,46,4,0
BRDA:357,46,5,0
BRDA:357,46,6,0
BRDA:382,47,0,22
BRDA:382,47,1,1666
BRDA:382,48,0,1688
BRDA:382,48,1,1666
BRDA:387,49,0,222
BRDA:387,49,1,1444
BRDA:388,50,0,1666
BRDA:388,50,1,1666
BRDA:388,50,2,187
BRDA:388,50,3,1479
BRDA:388,50,4,35
BRDA:396,51,0,1314
BRDA:396,51,1,352
BRDA:396,52,0,1666
BRDA:396,52,1,1314
BRDA:418,53,0,0
BRDA:418,53,1,0
BRDA:429,54,0,0
BRDA:429,54,1,0
BRDA:433,55,0,0
BRDA:433,55,1,0
BRDA:433,55,2,0
BRDA:436,56,0,0
BRDA:436,56,1,0
BRDA:440,57,0,0
BRDA:440,57,1,0
BRDA:446,58,0,0
BRDA:446,58,1,0
BRDA:463,59,0,0
BRDA:463,59,1,0
BRDA:465,60,0,0
BRDA:465,60,1,0
BRDA:465,60,2,0
BRDA:465,60,3,0
BRDA:502,61,0,0
BRDA:502,61,1,9
BRDA:502,62,0,9
BRDA:502,62,1,0
BRDA:525,63,0,0
BRDA:525,63,1,3
BRDA:547,64,0,0
BRDA:547,64,1,0
BRF:146
BRH:73
end_of_record
TN:
SF:src\queryParser.js
FN:9,parseSelectQuery
FN:28,(anonymous_1)
FN:42,(anonymous_2)
FN:73,(anonymous_3)
FN:113,parseWhereClause
FN:123,parseExpression
FN:125,parseCondition
FN:181,parseJoinClause
FN:209,parseInsertQuery
FN:226,(anonymous_9)
FN:232,(anonymous_10)
FN:250,parseDeleteQuery
FN:282,parseUpdateQuery
FN:299,(anonymous_13)
FN:300,(anonymous_14)
FNF:15
FNH:12
FNDA:700,parseSelectQuery
FNDA:51,(anonymous_1)
FNDA:131,(anonymous_2)
FNDA:1182,(anonymous_3)
FNDA:264,parseWhereClause
FNDA:264,parseExpression
FNDA:305,parseCondition
FNDA:495,parseJoinClause
FNDA:8,parseInsertQuery
FNDA:24,(anonymous_9)
FNDA:24,(anonymous_10)
FNDA:3,parseDeleteQuery
FNDA:0,parseUpdateQuery
FNDA:0,(anonymous_13)
FNDA:0,(anonymous_14)
DA:1,25
DA:2,25
DA:11,700
DA:13,700
DA:15,700
DA:16,700
DA:18,700
DA:19,700
DA:20,58
DA:22,700
DA:24,700
DA:25,700
DA:26,700
DA:27,700
DA:28,51
DA:29,51
DA:30,51
DA:33,700
DA:35,700
DA:36,700
DA:38,700
DA:42,131
DA:45,700
DA:46,700
DA:47,700
DA:49,700
DA:50,700
DA:52,700
DA:53,700
DA:54,41
DA:55,41
DA:58,700
DA:59,700
DA:61,700
DA:62,8
DA:67,692
DA:70,692
DA:73,1182
DA:74,692
DA:75,1172
DA:76,1172
DA:80,451
DA:81,451
DA:83,451
DA:84,451
DA:85,261
DA:89,451
DA:91,451
DA:93,451
DA:115,264
DA:117,264
DA:119,264
DA:120,346
DA:126,305
DA:127,30
DA:128,30
DA:135,275
DA:136,275
DA:137,275
DA:138,275
DA:145,0
DA:147,264
DA:148,264
DA:149,346
DA:150,346
DA:151,0
DA:152,0
DA:153,0
DA:154,0
DA:155,346
DA:156,0
DA:157,346
DA:161,41
DA:162,41
DA:164,305
DA:165,305
DA:166,41
DA:167,305
DA:170,264
DA:172,264
DA:173,264
DA:183,495
DA:184,495
DA:186,495
DA:187,237
DA:197,258
DA:210,8
DA:211,8
DA:213,8
DA:214,8
DA:216,8
DA:217,0
DA:220,8
DA:223,8
DA:226,24
DA:227,8
DA:228,24
DA:232,24
DA:233,8
DA:234,24
DA:237,8
DA:251,3
DA:252,3
DA:254,3
DA:255,3
DA:256,3
DA:257,0
DA:260,3
DA:263,3
DA:265,3
DA:266,3
DA:267,3
DA:270,3
DA:283,0
DA:284,0
DA:287,0
DA:288,0
DA:289,0
DA:290,0
DA:293,0
DA:296,0
DA:299,0
DA:300,0
DA:301,0
DA:302,0
DA:303,0
DA:307,0
DA:308,0
DA:309,0
DA:312,0
DA:321,25
LF:131
LH:106
BRDA:19,0,0,58
BRDA:19,0,1,642
BRDA:27,1,0,51
BRDA:27,1,1,649
BRDA:30,2,0,51
BRDA:30,2,1,0
BRDA:38,3,0,120
BRDA:38,3,1,580
BRDA:47,4,0,327
BRDA:47,4,1,373
BRDA:53,5,0,41
BRDA:53,5,1,659
BRDA:61,6,0,8
BRDA:61,6,1,692
BRDA:75,7,0,1172
BRDA:75,7,1,0
BRDA:84,8,0,261
BRDA:84,8,1,190
BRDA:91,9,0,451
BRDA:91,9,1,0
BRDA:123,10,0,264
BRDA:126,11,0,30
BRDA:126,11,1,275
BRDA:136,12,0,275
BRDA:136,12,1,0
BRDA:150,13,0,0
BRDA:150,13,1,346
BRDA:152,14,0,0
BRDA:152,14,1,0
BRDA:155,15,0,0
BRDA:155,15,1,346
BRDA:157,16,0,41
BRDA:157,16,1,305
BRDA:158,17,0,346
BRDA:158,17,1,305
BRDA:165,18,0,264
BRDA:165,18,1,41
BRDA:186,19,0,237
BRDA:186,19,1,258
BRDA:216,20,0,0
BRDA:216,20,1,8
BRDA:256,21,0,0
BRDA:256,21,1,3
BRDA:266,22,0,3
BRDA:266,22,1,0
BRDA:289,23,0,0
BRDA:289,23,1,0
BRDA:308,24,0,0
BRDA:308,24,1,0
BRF:49
BRH:34
end_of_record
TN:
SF:src\errors\AppError.js
FN:6,(anonymous_0)
FN:15,(anonymous_1)
FN:27,(anonymous_2)
FNF:3
FNH:2
FNDA:249,(anonymous_0)
FNDA:482,(anonymous_1)
FNDA:0,(anonymous_2)
DA:7,249
DA:8,249
DA:9,249
DA:10,249
DA:11,249
DA:12,249
DA:16,482
DA:28,0
DA:32,25
LF:9
LH:8
BRDA:6,0,0,0
BRDA:6,1,0,0
BRF:2
BRH:0
end_of_record
TN:
SF:src\errors\ExecutionError.js
FN:7,(anonymous_0)
FN:13,(anonymous_1)
FNF:2
FNH:0
FNDA:0,(anonymous_0)
FNDA:0,(anonymous_1)
DA:1,25
DA:8,0
DA:9,0
DA:10,0
DA:14,0
DA:25,25
LF:6
LH:2
BRDA:7,0,0,0
BRDA:7,1,0,0
BRF:2
BRH:0
end_of_record
TN:
SF:src\errors\ParseError.js
FN:7,(anonymous_0)
FN:13,(anonymous_1)
FNF:2
FNH:1
FNDA:8,(anonymous_0)
FNDA:0,(anonymous_1)
DA:1,25
DA:8,8
DA:9,8
DA:10,8
DA:14,0
DA:25,25
LF:6
LH:5
BRDA:7,0,0,0
BRDA:7,1,0,8
BRF:2
BRH:1
end_of_record
TN:
SF:src\errors\SecurityError.js
FN:8,(anonymous_0)
FN:13,(anonymous_1)
FNF:2
FNH:2
FNDA:241,(anonymous_0)
FNDA:241,(anonymous_1)
DA:1,25
DA:9,241
DA:10,241
DA:14,241
DA:24,25
LF:5
LH:5
BRDA:8,0,0,0
BRF:1
BRH:0
end_of_record
TN:
SF:src\errors\ValidationError.js
FN:7,(anonymous_0)
FN:12,(anonymous_1)
FNF:2
FNH:0
FNDA:0,(anonymous_0)
FNDA:0,(anonymous_1)
DA:1,25
DA:8,0
DA:9,0
DA:13,0
DA:23,25
LF:5
LH:2
BRDA:7,0,0,0
BRF:1
BRH:0
end_of_record
TN:
SF:src\errors\index.js
FNF:0
FNH:0
DA:1,25
DA:2,25
DA:3,25
DA:4,25
DA:5,25
DA:7,25
LF:6
LH:6
BRF:0
BRH:0
end_of_record
TN:
SF:src\security\index.js
FNF:0
FNH:0
DA:1,25
DA:2,25
DA:4,25
LF:3
LH:3
BRF:0
BRH:0
end_of_record
TN:
SF:src\security\sanitizers.js
FN:10,(anonymous_0)
FN:19,(anonymous_1)
FN:28,(anonymous_2)
FN:40,(anonymous_3)
FN:55,(anonymous_4)
FN:72,(anonymous_5)
FN:74,(anonymous_6)
FN:83,(anonymous_7)
FNF:8
FNH:2
FNDA:0,(anonymous_0)
FNDA:0,(anonymous_1)
FNDA:24,(anonymous_2)
FNDA:711,(anonymous_3)
FNDA:0,(anonymous_4)
FNDA:0,(anonymous_5)
FNDA:0,(anonymous_6)
FNDA:0,(anonymous_7)
DA:4,25
DA:11,0
DA:20,0
DA:29,24
DA:30,24
DA:32,0
DA:41,711
DA:56,0
DA:57,0
DA:59,0
DA:61,0
DA:62,0
DA:64,0
DA:73,0
DA:74,0
DA:84,0
DA:85,0
DA:87,0
DA:88,0
DA:89,0
DA:91,0
DA:95,25
LF:22
LH:5
BRDA:29,0,0,24
BRDA:29,0,1,0
BRDA:56,1,0,0
BRDA:56,1,1,0
BRDA:56,2,0,0
BRDA:56,2,1,0
BRDA:61,3,0,0
BRDA:61,3,1,0
BRDA:61,4,0,0
BRDA:61,4,1,0
BRDA:61,4,2,0
BRDA:73,5,0,0
BRDA:73,5,1,0
BRDA:84,6,0,0
BRDA:84,6,1,0
BRDA:84,7,0,0
BRDA:84,7,1,0
BRF:17
BRH:1
end_of_record
TN:
SF:src\security\validators.js
FN:13,(anonymous_0)
FN:39,(anonymous_1)
FN:72,(anonymous_2)
FN:105,(anonymous_3)
FN:115,(anonymous_4)
FN:132,(anonymous_5)
FN:146,(anonymous_6)
FN:168,(anonymous_7)
FN:184,(anonymous_8)
FNF:9
FNH:5
FNDA:703,(anonymous_0)
FNDA:1196,(anonymous_1)
FNDA:24,(anonymous_2)
FNDA:711,(anonymous_3)
FNDA:711,(anonymous_4)
FNDA:0,(anonymous_5)
FNDA:0,(anonymous_6)
FNDA:0,(anonymous_7)
FNDA:0,(anonymous_8)
DA:1,25
DA:6,25
DA:14,703
DA:15,0
DA:19,703
DA:20,0
DA:26,703
DA:27,0
DA:30,703
DA:40,1196
DA:41,0
DA:45,1196
DA:46,1196
DA:47,0
DA:50,1196
DA:51,1621
DA:52,241
DA:59,955
DA:60,0
DA:63,955
DA:73,24
DA:74,0
DA:77,24
DA:80,24
DA:87,24
DA:88,96
DA:89,0
DA:96,24
DA:106,711
DA:107,0
DA:110,711
DA:111,0
DA:115,711
DA:116,711
DA:117,0
DA:123,711
DA:133,0
DA:134,0
DA:135,0
DA:137,0
DA:147,0
DA:156,0
DA:157,0
DA:159,0
DA:169,0
DA:170,0
DA:172,0
DA:173,0
DA:175,0
DA:185,0
DA:186,0
DA:190,0
DA:191,0
DA:198,0
DA:199,0
DA:205,0
DA:209,25
LF:57
LH:26
BRDA:14,0,0,0
BRDA:14,0,1,703
BRDA:14,1,0,703
BRDA:14,1,1,703
BRDA:19,2,0,0
BRDA:19,2,1,703
BRDA:26,3,0,0
BRDA:26,3,1,703
BRDA:40,4,0,0
BRDA:40,4,1,1196
BRDA:40,5,0,1196
BRDA:40,5,1,1196
BRDA:46,6,0,0
BRDA:46,6,1,1196
BRDA:51,7,0,241
BRDA:51,7,1,1380
BRDA:51,8,0,1621
BRDA:51,8,1,241
BRDA:59,9,0,0
BRDA:59,9,1,955
BRDA:73,10,0,0
BRDA:73,10,1,24
BRDA:73,11,0,24
BRDA:73,11,1,24
BRDA:88,12,0,0
BRDA:88,12,1,96
BRDA:106,13,0,0
BRDA:106,13,1,711
BRDA:106,14,0,711
BRDA:106,14,1,711
BRDA:110,15,0,0
BRDA:110,15,1,711
BRDA:116,16,0,0
BRDA:116,16,1,711
BRDA:134,17,0,0
BRDA:134,17,1,0
BRDA:156,18,0,0
BRDA:156,18,1,0
BRDA:169,19,0,0
BRDA:169,19,1,0
BRDA:169,20,0,0
BRDA:169,20,1,0
BRDA:172,21,0,0
BRDA:172,21,1,0
BRDA:185,22,0,0
BRDA:185,22,1,0
BRDA:185,23,0,0
BRDA:185,23,1,0
BRDA:190,24,0,0
BRDA:190,24,1,0
BRDA:190,25,0,0
BRDA:190,25,1,0
BRDA:198,26,0,0
BRDA:198,26,1,0
BRF:54
BRH:23
end_of_record
